2020-04-26 14:03:34.8438068;[DEBUG];[1  ];Covid19.Library.CovidDataEcdcDownloader;File "COVID-19-geographic-disbtribution-worldwide-2020-03-07" already exists
2020-04-26 14:03:34.8518073;[DEBUG];[1  ];Covid19.Library.CovidDataEcdcDownloader;File "COVID-19-geographic-disbtribution-worldwide-2020-03-08" already exists
2020-04-26 14:03:34.8528138;[DEBUG];[1  ];Covid19.Library.CovidDataEcdcDownloader;File "COVID-19-geographic-disbtribution-worldwide-2020-03-09" already exists
2020-04-26 14:03:34.8528138;[DEBUG];[1  ];Covid19.Library.CovidDataEcdcDownloader;File "COVID-19-geographic-disbtribution-worldwide-2020-03-10" already exists
2020-04-26 14:03:34.8538106;[DEBUG];[1  ];Covid19.Library.CovidDataEcdcDownloader;File "COVID-19-geographic-disbtribution-worldwide-2020-03-11" already exists
2020-04-26 14:03:34.8538106;[DEBUG];[1  ];Covid19.Library.CovidDataEcdcDownloader;File "COVID-19-geographic-disbtribution-worldwide-2020-03-12" already exists
2020-04-26 14:03:34.8538106;[DEBUG];[1  ];Covid19.Library.CovidDataEcdcDownloader;File "COVID-19-geographic-disbtribution-worldwide-2020-03-13" already exists
2020-04-26 14:03:34.8548117;[DEBUG];[1  ];Covid19.Library.CovidDataEcdcDownloader;File "COVID-19-geographic-disbtribution-worldwide-2020-03-14" already exists
2020-04-26 14:03:34.8548117;[DEBUG];[1  ];Covid19.Library.CovidDataEcdcDownloader;File "COVID-19-geographic-disbtribution-worldwide-2020-03-15" already exists
2020-04-26 14:03:34.8548117;[DEBUG];[1  ];Covid19.Library.CovidDataEcdcDownloader;File "COVID-19-geographic-disbtribution-worldwide-2020-03-16" already exists
2020-04-26 14:03:34.8548117;[DEBUG];[1  ];Covid19.Library.CovidDataEcdcDownloader;File "COVID-19-geographic-disbtribution-worldwide-2020-03-17" already exists
2020-04-26 14:03:34.8548117;[DEBUG];[1  ];Covid19.Library.CovidDataEcdcDownloader;File "COVID-19-geographic-disbtribution-worldwide-2020-03-18" already exists
2020-04-26 14:03:34.8558102;[DEBUG];[1  ];Covid19.Library.CovidDataEcdcDownloader;File "COVID-19-geographic-disbtribution-worldwide-2020-03-19" already exists
2020-04-26 14:03:34.8558102;[DEBUG];[1  ];Covid19.Library.CovidDataEcdcDownloader;File "COVID-19-geographic-disbtribution-worldwide-2020-03-20" already exists
2020-04-26 14:03:34.8558102;[DEBUG];[1  ];Covid19.Library.CovidDataEcdcDownloader;File "COVID-19-geographic-disbtribution-worldwide-2020-03-21" already exists
2020-04-26 14:03:34.8558102;[DEBUG];[1  ];Covid19.Library.CovidDataEcdcDownloader;File "COVID-19-geographic-disbtribution-worldwide-2020-03-22" already exists
2020-04-26 14:03:34.8558102;[DEBUG];[1  ];Covid19.Library.CovidDataEcdcDownloader;File "COVID-19-geographic-disbtribution-worldwide-2020-03-23" already exists
2020-04-26 14:03:34.8568112;[DEBUG];[1  ];Covid19.Library.CovidDataEcdcDownloader;File "COVID-19-geographic-disbtribution-worldwide-2020-03-24" already exists
2020-04-26 14:03:34.8568112;[DEBUG];[1  ];Covid19.Library.CovidDataEcdcDownloader;File "COVID-19-geographic-disbtribution-worldwide-2020-03-25" already exists
2020-04-26 14:03:34.8568112;[DEBUG];[1  ];Covid19.Library.CovidDataEcdcDownloader;File "COVID-19-geographic-disbtribution-worldwide-2020-03-26" already exists
2020-04-26 14:03:34.8578087;[DEBUG];[1  ];Covid19.Library.CovidDataEcdcDownloader;File "COVID-19-geographic-disbtribution-worldwide-2020-03-27" already exists
2020-04-26 14:03:34.8578087;[DEBUG];[1  ];Covid19.Library.CovidDataEcdcDownloader;File "COVID-19-geographic-disbtribution-worldwide-2020-03-28" already exists
2020-04-26 14:03:34.8578087;[DEBUG];[1  ];Covid19.Library.CovidDataEcdcDownloader;File "COVID-19-geographic-disbtribution-worldwide-2020-03-29" already exists
2020-04-26 14:03:34.8578087;[DEBUG];[1  ];Covid19.Library.CovidDataEcdcDownloader;File "COVID-19-geographic-disbtribution-worldwide-2020-03-30" already exists
2020-04-26 14:03:34.8578087;[DEBUG];[1  ];Covid19.Library.CovidDataEcdcDownloader;File "COVID-19-geographic-disbtribution-worldwide-2020-03-31" already exists
2020-04-26 14:03:34.8598084;[DEBUG];[1  ];Covid19.Library.CovidDataEcdcDownloader;File "COVID-19-geographic-disbtribution-worldwide-2020-04-01" already exists
2020-04-26 14:03:34.8598084;[DEBUG];[1  ];Covid19.Library.CovidDataEcdcDownloader;File "COVID-19-geographic-disbtribution-worldwide-2020-04-02" already exists
2020-04-26 14:03:34.8608096;[DEBUG];[1  ];Covid19.Library.CovidDataEcdcDownloader;File "COVID-19-geographic-disbtribution-worldwide-2020-04-03" already exists
2020-04-26 14:03:34.8608096;[DEBUG];[1  ];Covid19.Library.CovidDataEcdcDownloader;File "COVID-19-geographic-disbtribution-worldwide-2020-04-04" already exists
2020-04-26 14:03:34.8608096;[DEBUG];[1  ];Covid19.Library.CovidDataEcdcDownloader;File "COVID-19-geographic-disbtribution-worldwide-2020-04-05" already exists
2020-04-26 14:03:34.8608096;[DEBUG];[1  ];Covid19.Library.CovidDataEcdcDownloader;File "COVID-19-geographic-disbtribution-worldwide-2020-04-06" already exists
2020-04-26 14:03:34.8618083;[DEBUG];[1  ];Covid19.Library.CovidDataEcdcDownloader;File "COVID-19-geographic-disbtribution-worldwide-2020-04-07" already exists
2020-04-26 14:03:34.8618083;[DEBUG];[1  ];Covid19.Library.CovidDataEcdcDownloader;File "COVID-19-geographic-disbtribution-worldwide-2020-04-08" already exists
2020-04-26 14:03:34.8628110;[DEBUG];[1  ];Covid19.Library.CovidDataEcdcDownloader;File "COVID-19-geographic-disbtribution-worldwide-2020-04-09" already exists
2020-04-26 14:03:34.8628110;[DEBUG];[1  ];Covid19.Library.CovidDataEcdcDownloader;File "COVID-19-geographic-disbtribution-worldwide-2020-04-10" already exists
2020-04-26 14:03:34.8638097;[DEBUG];[1  ];Covid19.Library.CovidDataEcdcDownloader;File "COVID-19-geographic-disbtribution-worldwide-2020-04-11" already exists
2020-04-26 14:03:34.8638097;[DEBUG];[1  ];Covid19.Library.CovidDataEcdcDownloader;File "COVID-19-geographic-disbtribution-worldwide-2020-04-12" already exists
2020-04-26 14:03:34.8638097;[DEBUG];[1  ];Covid19.Library.CovidDataEcdcDownloader;File "COVID-19-geographic-disbtribution-worldwide-2020-04-13" already exists
2020-04-26 14:03:34.8648083;[DEBUG];[1  ];Covid19.Library.CovidDataEcdcDownloader;File "COVID-19-geographic-disbtribution-worldwide-2020-04-14" already exists
2020-04-26 14:03:34.8648083;[DEBUG];[1  ];Covid19.Library.CovidDataEcdcDownloader;File "COVID-19-geographic-disbtribution-worldwide-2020-04-15" already exists
2020-04-26 14:03:34.8658085;[DEBUG];[1  ];Covid19.Library.CovidDataEcdcDownloader;File "COVID-19-geographic-disbtribution-worldwide-2020-04-16" already exists
2020-04-26 14:03:34.8658085;[DEBUG];[1  ];Covid19.Library.CovidDataEcdcDownloader;File "COVID-19-geographic-disbtribution-worldwide-2020-04-17" already exists
2020-04-26 14:03:34.8668087;[DEBUG];[1  ];Covid19.Library.CovidDataEcdcDownloader;File "COVID-19-geographic-disbtribution-worldwide-2020-04-18" already exists
2020-04-26 14:03:34.8668087;[DEBUG];[1  ];Covid19.Library.CovidDataEcdcDownloader;File "COVID-19-geographic-disbtribution-worldwide-2020-04-19" already exists
2020-04-26 14:03:34.8678108;[DEBUG];[1  ];Covid19.Library.CovidDataEcdcDownloader;File "COVID-19-geographic-disbtribution-worldwide-2020-04-20" already exists
2020-04-26 14:03:34.8678108;[DEBUG];[1  ];Covid19.Library.CovidDataEcdcDownloader;File "COVID-19-geographic-disbtribution-worldwide-2020-04-21" already exists
2020-04-26 14:03:34.8678108;[DEBUG];[1  ];Covid19.Library.CovidDataEcdcDownloader;File "COVID-19-geographic-disbtribution-worldwide-2020-04-22" already exists
2020-04-26 14:03:34.8708097;[DEBUG];[1  ];Covid19.Library.CovidDataEcdcDownloader;File "COVID-19-geographic-disbtribution-worldwide-2020-04-23" already exists
2020-04-26 14:03:34.8718118;[DEBUG];[1  ];Covid19.Library.CovidDataEcdcDownloader;File "COVID-19-geographic-disbtribution-worldwide-2020-04-24" already exists
2020-04-26 14:03:34.8718118;[DEBUG];[1  ];Covid19.Library.CovidDataEcdcDownloader;File "COVID-19-geographic-disbtribution-worldwide-2020-04-25" already exists
2020-04-26 14:03:34.8728087;[DEBUG];[1  ];Covid19.Library.CovidDataEcdcDownloader;File "COVID-19-geographic-disbtribution-worldwide-2020-04-26" already exists
2020-04-26 14:03:34.9148067;[DEBUG];[1  ];Covid19.Library.CovidDataEcdcExtractor;Reading file: "E:\TEMP\covid\ECDC\COVID-19-geographic-disbtribution-worldwide-2020-04-26.xlsx"
2020-04-26 14:03:41.9528083;[INFO ];[1  ];Covid19.Library.CovidDataEcdcExtractor;Found 13211 records
2020-04-26 14:05:55.4448996;[DEBUG];[1  ];Covid19.Library.CovidDataEcdcDownloader;File "COVID-19-geographic-disbtribution-worldwide-2020-03-07" already exists
2020-04-26 14:05:55.4538993;[DEBUG];[1  ];Covid19.Library.CovidDataEcdcDownloader;File "COVID-19-geographic-disbtribution-worldwide-2020-03-08" already exists
2020-04-26 14:05:55.4538993;[DEBUG];[1  ];Covid19.Library.CovidDataEcdcDownloader;File "COVID-19-geographic-disbtribution-worldwide-2020-03-09" already exists
2020-04-26 14:05:55.4538993;[DEBUG];[1  ];Covid19.Library.CovidDataEcdcDownloader;File "COVID-19-geographic-disbtribution-worldwide-2020-03-10" already exists
2020-04-26 14:05:55.4538993;[DEBUG];[1  ];Covid19.Library.CovidDataEcdcDownloader;File "COVID-19-geographic-disbtribution-worldwide-2020-03-11" already exists
2020-04-26 14:05:55.4548990;[DEBUG];[1  ];Covid19.Library.CovidDataEcdcDownloader;File "COVID-19-geographic-disbtribution-worldwide-2020-03-12" already exists
2020-04-26 14:05:55.4548990;[DEBUG];[1  ];Covid19.Library.CovidDataEcdcDownloader;File "COVID-19-geographic-disbtribution-worldwide-2020-03-13" already exists
2020-04-26 14:05:55.4548990;[DEBUG];[1  ];Covid19.Library.CovidDataEcdcDownloader;File "COVID-19-geographic-disbtribution-worldwide-2020-03-14" already exists
2020-04-26 14:05:55.4548990;[DEBUG];[1  ];Covid19.Library.CovidDataEcdcDownloader;File "COVID-19-geographic-disbtribution-worldwide-2020-03-15" already exists
2020-04-26 14:05:55.4548990;[DEBUG];[1  ];Covid19.Library.CovidDataEcdcDownloader;File "COVID-19-geographic-disbtribution-worldwide-2020-03-16" already exists
2020-04-26 14:05:55.4558988;[DEBUG];[1  ];Covid19.Library.CovidDataEcdcDownloader;File "COVID-19-geographic-disbtribution-worldwide-2020-03-17" already exists
2020-04-26 14:05:55.4558988;[DEBUG];[1  ];Covid19.Library.CovidDataEcdcDownloader;File "COVID-19-geographic-disbtribution-worldwide-2020-03-18" already exists
2020-04-26 14:05:55.4558988;[DEBUG];[1  ];Covid19.Library.CovidDataEcdcDownloader;File "COVID-19-geographic-disbtribution-worldwide-2020-03-19" already exists
2020-04-26 14:05:55.4558988;[DEBUG];[1  ];Covid19.Library.CovidDataEcdcDownloader;File "COVID-19-geographic-disbtribution-worldwide-2020-03-20" already exists
2020-04-26 14:05:55.4558988;[DEBUG];[1  ];Covid19.Library.CovidDataEcdcDownloader;File "COVID-19-geographic-disbtribution-worldwide-2020-03-21" already exists
2020-04-26 14:05:55.4568989;[DEBUG];[1  ];Covid19.Library.CovidDataEcdcDownloader;File "COVID-19-geographic-disbtribution-worldwide-2020-03-22" already exists
2020-04-26 14:05:55.4568989;[DEBUG];[1  ];Covid19.Library.CovidDataEcdcDownloader;File "COVID-19-geographic-disbtribution-worldwide-2020-03-23" already exists
2020-04-26 14:05:55.4568989;[DEBUG];[1  ];Covid19.Library.CovidDataEcdcDownloader;File "COVID-19-geographic-disbtribution-worldwide-2020-03-24" already exists
2020-04-26 14:05:55.4568989;[DEBUG];[1  ];Covid19.Library.CovidDataEcdcDownloader;File "COVID-19-geographic-disbtribution-worldwide-2020-03-25" already exists
2020-04-26 14:05:55.4568989;[DEBUG];[1  ];Covid19.Library.CovidDataEcdcDownloader;File "COVID-19-geographic-disbtribution-worldwide-2020-03-26" already exists
2020-04-26 14:05:55.4578988;[DEBUG];[1  ];Covid19.Library.CovidDataEcdcDownloader;File "COVID-19-geographic-disbtribution-worldwide-2020-03-27" already exists
2020-04-26 14:05:55.4578988;[DEBUG];[1  ];Covid19.Library.CovidDataEcdcDownloader;File "COVID-19-geographic-disbtribution-worldwide-2020-03-28" already exists
2020-04-26 14:05:55.4578988;[DEBUG];[1  ];Covid19.Library.CovidDataEcdcDownloader;File "COVID-19-geographic-disbtribution-worldwide-2020-03-29" already exists
2020-04-26 14:05:55.4578988;[DEBUG];[1  ];Covid19.Library.CovidDataEcdcDownloader;File "COVID-19-geographic-disbtribution-worldwide-2020-03-30" already exists
2020-04-26 14:05:55.4588988;[DEBUG];[1  ];Covid19.Library.CovidDataEcdcDownloader;File "COVID-19-geographic-disbtribution-worldwide-2020-03-31" already exists
2020-04-26 14:05:55.4588988;[DEBUG];[1  ];Covid19.Library.CovidDataEcdcDownloader;File "COVID-19-geographic-disbtribution-worldwide-2020-04-01" already exists
2020-04-26 14:05:55.4588988;[DEBUG];[1  ];Covid19.Library.CovidDataEcdcDownloader;File "COVID-19-geographic-disbtribution-worldwide-2020-04-02" already exists
2020-04-26 14:05:55.4588988;[DEBUG];[1  ];Covid19.Library.CovidDataEcdcDownloader;File "COVID-19-geographic-disbtribution-worldwide-2020-04-03" already exists
2020-04-26 14:05:55.4598994;[DEBUG];[1  ];Covid19.Library.CovidDataEcdcDownloader;File "COVID-19-geographic-disbtribution-worldwide-2020-04-04" already exists
2020-04-26 14:05:55.4598994;[DEBUG];[1  ];Covid19.Library.CovidDataEcdcDownloader;File "COVID-19-geographic-disbtribution-worldwide-2020-04-05" already exists
2020-04-26 14:05:55.4598994;[DEBUG];[1  ];Covid19.Library.CovidDataEcdcDownloader;File "COVID-19-geographic-disbtribution-worldwide-2020-04-06" already exists
2020-04-26 14:05:55.4638979;[DEBUG];[1  ];Covid19.Library.CovidDataEcdcDownloader;File "COVID-19-geographic-disbtribution-worldwide-2020-04-07" already exists
2020-04-26 14:05:55.4649000;[DEBUG];[1  ];Covid19.Library.CovidDataEcdcDownloader;File "COVID-19-geographic-disbtribution-worldwide-2020-04-08" already exists
2020-04-26 14:05:55.4649000;[DEBUG];[1  ];Covid19.Library.CovidDataEcdcDownloader;File "COVID-19-geographic-disbtribution-worldwide-2020-04-09" already exists
2020-04-26 14:05:55.4649000;[DEBUG];[1  ];Covid19.Library.CovidDataEcdcDownloader;File "COVID-19-geographic-disbtribution-worldwide-2020-04-10" already exists
2020-04-26 14:05:55.4658989;[DEBUG];[1  ];Covid19.Library.CovidDataEcdcDownloader;File "COVID-19-geographic-disbtribution-worldwide-2020-04-11" already exists
2020-04-26 14:05:55.4658989;[DEBUG];[1  ];Covid19.Library.CovidDataEcdcDownloader;File "COVID-19-geographic-disbtribution-worldwide-2020-04-12" already exists
2020-04-26 14:05:55.4668997;[DEBUG];[1  ];Covid19.Library.CovidDataEcdcDownloader;File "COVID-19-geographic-disbtribution-worldwide-2020-04-13" already exists
2020-04-26 14:05:55.4668997;[DEBUG];[1  ];Covid19.Library.CovidDataEcdcDownloader;File "COVID-19-geographic-disbtribution-worldwide-2020-04-14" already exists
2020-04-26 14:05:55.4668997;[DEBUG];[1  ];Covid19.Library.CovidDataEcdcDownloader;File "COVID-19-geographic-disbtribution-worldwide-2020-04-15" already exists
2020-04-26 14:05:55.4679010;[DEBUG];[1  ];Covid19.Library.CovidDataEcdcDownloader;File "COVID-19-geographic-disbtribution-worldwide-2020-04-16" already exists
2020-04-26 14:05:55.4679010;[DEBUG];[1  ];Covid19.Library.CovidDataEcdcDownloader;File "COVID-19-geographic-disbtribution-worldwide-2020-04-17" already exists
2020-04-26 14:05:55.4689009;[DEBUG];[1  ];Covid19.Library.CovidDataEcdcDownloader;File "COVID-19-geographic-disbtribution-worldwide-2020-04-18" already exists
2020-04-26 14:05:55.4689009;[DEBUG];[1  ];Covid19.Library.CovidDataEcdcDownloader;File "COVID-19-geographic-disbtribution-worldwide-2020-04-19" already exists
2020-04-26 14:05:55.4698994;[DEBUG];[1  ];Covid19.Library.CovidDataEcdcDownloader;File "COVID-19-geographic-disbtribution-worldwide-2020-04-20" already exists
2020-04-26 14:05:55.4698994;[DEBUG];[1  ];Covid19.Library.CovidDataEcdcDownloader;File "COVID-19-geographic-disbtribution-worldwide-2020-04-21" already exists
2020-04-26 14:05:55.4698994;[DEBUG];[1  ];Covid19.Library.CovidDataEcdcDownloader;File "COVID-19-geographic-disbtribution-worldwide-2020-04-22" already exists
2020-04-26 14:05:55.4709004;[DEBUG];[1  ];Covid19.Library.CovidDataEcdcDownloader;File "COVID-19-geographic-disbtribution-worldwide-2020-04-23" already exists
2020-04-26 14:05:55.4709004;[DEBUG];[1  ];Covid19.Library.CovidDataEcdcDownloader;File "COVID-19-geographic-disbtribution-worldwide-2020-04-24" already exists
2020-04-26 14:05:55.4719008;[DEBUG];[1  ];Covid19.Library.CovidDataEcdcDownloader;File "COVID-19-geographic-disbtribution-worldwide-2020-04-25" already exists
2020-04-26 14:05:55.4719008;[DEBUG];[1  ];Covid19.Library.CovidDataEcdcDownloader;File "COVID-19-geographic-disbtribution-worldwide-2020-04-26" already exists
2020-04-26 14:05:55.5239003;[DEBUG];[1  ];Covid19.Library.CovidDataEcdcExtractor;Reading file: "E:\Git\ImmobilisCommander\Covid19\Data\ECDC\COVID-19-geographic-disbtribution-worldwide-2020-04-26.xlsx"
2020-04-26 14:06:02.9989008;[INFO ];[1  ];Covid19.Library.CovidDataEcdcExtractor;Found 13211 records
2020-04-26 14:21:37.2991066;[DEBUG];[1  ];Covid19.Library.CovidDataEcdcDownloader;File "COVID-19-geographic-disbtribution-worldwide-2020-03-07" already exists
2020-04-26 14:21:37.3071067;[DEBUG];[1  ];Covid19.Library.CovidDataEcdcDownloader;File "COVID-19-geographic-disbtribution-worldwide-2020-03-08" already exists
2020-04-26 14:21:37.3071067;[DEBUG];[1  ];Covid19.Library.CovidDataEcdcDownloader;File "COVID-19-geographic-disbtribution-worldwide-2020-03-09" already exists
2020-04-26 14:21:37.3081067;[DEBUG];[1  ];Covid19.Library.CovidDataEcdcDownloader;File "COVID-19-geographic-disbtribution-worldwide-2020-03-10" already exists
2020-04-26 14:21:37.3081067;[DEBUG];[1  ];Covid19.Library.CovidDataEcdcDownloader;File "COVID-19-geographic-disbtribution-worldwide-2020-03-11" already exists
2020-04-26 14:21:37.3081067;[DEBUG];[1  ];Covid19.Library.CovidDataEcdcDownloader;File "COVID-19-geographic-disbtribution-worldwide-2020-03-12" already exists
2020-04-26 14:21:37.3081067;[DEBUG];[1  ];Covid19.Library.CovidDataEcdcDownloader;File "COVID-19-geographic-disbtribution-worldwide-2020-03-13" already exists
2020-04-26 14:21:37.3081067;[DEBUG];[1  ];Covid19.Library.CovidDataEcdcDownloader;File "COVID-19-geographic-disbtribution-worldwide-2020-03-14" already exists
2020-04-26 14:21:37.3091065;[DEBUG];[1  ];Covid19.Library.CovidDataEcdcDownloader;File "COVID-19-geographic-disbtribution-worldwide-2020-03-15" already exists
2020-04-26 14:21:37.3091065;[DEBUG];[1  ];Covid19.Library.CovidDataEcdcDownloader;File "COVID-19-geographic-disbtribution-worldwide-2020-03-16" already exists
2020-04-26 14:21:37.3091065;[DEBUG];[1  ];Covid19.Library.CovidDataEcdcDownloader;File "COVID-19-geographic-disbtribution-worldwide-2020-03-17" already exists
2020-04-26 14:21:37.3091065;[DEBUG];[1  ];Covid19.Library.CovidDataEcdcDownloader;File "COVID-19-geographic-disbtribution-worldwide-2020-03-18" already exists
2020-04-26 14:21:37.3091065;[DEBUG];[1  ];Covid19.Library.CovidDataEcdcDownloader;File "COVID-19-geographic-disbtribution-worldwide-2020-03-19" already exists
2020-04-26 14:21:37.3091065;[DEBUG];[1  ];Covid19.Library.CovidDataEcdcDownloader;File "COVID-19-geographic-disbtribution-worldwide-2020-03-20" already exists
2020-04-26 14:21:37.3101064;[DEBUG];[1  ];Covid19.Library.CovidDataEcdcDownloader;File "COVID-19-geographic-disbtribution-worldwide-2020-03-21" already exists
2020-04-26 14:21:37.3101064;[DEBUG];[1  ];Covid19.Library.CovidDataEcdcDownloader;File "COVID-19-geographic-disbtribution-worldwide-2020-03-22" already exists
2020-04-26 14:21:37.3101064;[DEBUG];[1  ];Covid19.Library.CovidDataEcdcDownloader;File "COVID-19-geographic-disbtribution-worldwide-2020-03-23" already exists
2020-04-26 14:21:37.3101064;[DEBUG];[1  ];Covid19.Library.CovidDataEcdcDownloader;File "COVID-19-geographic-disbtribution-worldwide-2020-03-24" already exists
2020-04-26 14:21:37.3101064;[DEBUG];[1  ];Covid19.Library.CovidDataEcdcDownloader;File "COVID-19-geographic-disbtribution-worldwide-2020-03-25" already exists
2020-04-26 14:21:37.3101064;[DEBUG];[1  ];Covid19.Library.CovidDataEcdcDownloader;File "COVID-19-geographic-disbtribution-worldwide-2020-03-26" already exists
2020-04-26 14:21:37.3111064;[DEBUG];[1  ];Covid19.Library.CovidDataEcdcDownloader;File "COVID-19-geographic-disbtribution-worldwide-2020-03-27" already exists
2020-04-26 14:21:37.3111064;[DEBUG];[1  ];Covid19.Library.CovidDataEcdcDownloader;File "COVID-19-geographic-disbtribution-worldwide-2020-03-28" already exists
2020-04-26 14:21:37.3111064;[DEBUG];[1  ];Covid19.Library.CovidDataEcdcDownloader;File "COVID-19-geographic-disbtribution-worldwide-2020-03-29" already exists
2020-04-26 14:21:37.3111064;[DEBUG];[1  ];Covid19.Library.CovidDataEcdcDownloader;File "COVID-19-geographic-disbtribution-worldwide-2020-03-30" already exists
2020-04-26 14:21:37.3111064;[DEBUG];[1  ];Covid19.Library.CovidDataEcdcDownloader;File "COVID-19-geographic-disbtribution-worldwide-2020-03-31" already exists
2020-04-26 14:21:37.3121064;[DEBUG];[1  ];Covid19.Library.CovidDataEcdcDownloader;File "COVID-19-geographic-disbtribution-worldwide-2020-04-01" already exists
2020-04-26 14:21:37.3121064;[DEBUG];[1  ];Covid19.Library.CovidDataEcdcDownloader;File "COVID-19-geographic-disbtribution-worldwide-2020-04-02" already exists
2020-04-26 14:21:37.3121064;[DEBUG];[1  ];Covid19.Library.CovidDataEcdcDownloader;File "COVID-19-geographic-disbtribution-worldwide-2020-04-03" already exists
2020-04-26 14:21:37.3121064;[DEBUG];[1  ];Covid19.Library.CovidDataEcdcDownloader;File "COVID-19-geographic-disbtribution-worldwide-2020-04-04" already exists
2020-04-26 14:21:37.3131058;[DEBUG];[1  ];Covid19.Library.CovidDataEcdcDownloader;File "COVID-19-geographic-disbtribution-worldwide-2020-04-05" already exists
2020-04-26 14:21:37.3131058;[DEBUG];[1  ];Covid19.Library.CovidDataEcdcDownloader;File "COVID-19-geographic-disbtribution-worldwide-2020-04-06" already exists
2020-04-26 14:21:37.3131058;[DEBUG];[1  ];Covid19.Library.CovidDataEcdcDownloader;File "COVID-19-geographic-disbtribution-worldwide-2020-04-07" already exists
2020-04-26 14:21:37.3181056;[DEBUG];[1  ];Covid19.Library.CovidDataEcdcDownloader;File "COVID-19-geographic-disbtribution-worldwide-2020-04-08" already exists
2020-04-26 14:21:37.3181056;[DEBUG];[1  ];Covid19.Library.CovidDataEcdcDownloader;File "COVID-19-geographic-disbtribution-worldwide-2020-04-09" already exists
2020-04-26 14:21:37.3191069;[DEBUG];[1  ];Covid19.Library.CovidDataEcdcDownloader;File "COVID-19-geographic-disbtribution-worldwide-2020-04-10" already exists
2020-04-26 14:21:37.3191069;[DEBUG];[1  ];Covid19.Library.CovidDataEcdcDownloader;File "COVID-19-geographic-disbtribution-worldwide-2020-04-11" already exists
2020-04-26 14:21:37.3201073;[DEBUG];[1  ];Covid19.Library.CovidDataEcdcDownloader;File "COVID-19-geographic-disbtribution-worldwide-2020-04-12" already exists
2020-04-26 14:21:37.3201073;[DEBUG];[1  ];Covid19.Library.CovidDataEcdcDownloader;File "COVID-19-geographic-disbtribution-worldwide-2020-04-13" already exists
2020-04-26 14:21:37.3211051;[DEBUG];[1  ];Covid19.Library.CovidDataEcdcDownloader;File "COVID-19-geographic-disbtribution-worldwide-2020-04-14" already exists
2020-04-26 14:21:37.3211051;[DEBUG];[1  ];Covid19.Library.CovidDataEcdcDownloader;File "COVID-19-geographic-disbtribution-worldwide-2020-04-15" already exists
2020-04-26 14:21:37.3221062;[DEBUG];[1  ];Covid19.Library.CovidDataEcdcDownloader;File "COVID-19-geographic-disbtribution-worldwide-2020-04-16" already exists
2020-04-26 14:21:37.3221062;[DEBUG];[1  ];Covid19.Library.CovidDataEcdcDownloader;File "COVID-19-geographic-disbtribution-worldwide-2020-04-17" already exists
2020-04-26 14:21:37.3231062;[DEBUG];[1  ];Covid19.Library.CovidDataEcdcDownloader;File "COVID-19-geographic-disbtribution-worldwide-2020-04-18" already exists
2020-04-26 14:21:37.3241056;[DEBUG];[1  ];Covid19.Library.CovidDataEcdcDownloader;File "COVID-19-geographic-disbtribution-worldwide-2020-04-19" already exists
2020-04-26 14:21:37.3241056;[DEBUG];[1  ];Covid19.Library.CovidDataEcdcDownloader;File "COVID-19-geographic-disbtribution-worldwide-2020-04-20" already exists
2020-04-26 14:21:37.3251045;[DEBUG];[1  ];Covid19.Library.CovidDataEcdcDownloader;File "COVID-19-geographic-disbtribution-worldwide-2020-04-21" already exists
2020-04-26 14:21:37.3251045;[DEBUG];[1  ];Covid19.Library.CovidDataEcdcDownloader;File "COVID-19-geographic-disbtribution-worldwide-2020-04-22" already exists
2020-04-26 14:21:37.3271045;[DEBUG];[1  ];Covid19.Library.CovidDataEcdcDownloader;File "COVID-19-geographic-disbtribution-worldwide-2020-04-23" already exists
2020-04-26 14:21:37.3291062;[DEBUG];[1  ];Covid19.Library.CovidDataEcdcDownloader;File "COVID-19-geographic-disbtribution-worldwide-2020-04-24" already exists
2020-04-26 14:21:37.3291062;[DEBUG];[1  ];Covid19.Library.CovidDataEcdcDownloader;File "COVID-19-geographic-disbtribution-worldwide-2020-04-25" already exists
2020-04-26 14:21:37.3301063;[DEBUG];[1  ];Covid19.Library.CovidDataEcdcDownloader;File "COVID-19-geographic-disbtribution-worldwide-2020-04-26" already exists
2020-04-26 14:21:37.3781051;[DEBUG];[1  ];Covid19.Library.CovidDataEcdcExtractor;Reading file: "E:\Git\ImmobilisCommander\Covid19\Data\ECDC\COVID-19-geographic-disbtribution-worldwide-2020-04-26.xlsx"
2020-04-26 14:26:25.9927016;[INFO ];[1  ];Covid19.Library.CovidDataEcdcExtractor;Found 13211 records
2020-04-26 14:26:26.3331782;[DEBUG];[1  ];Covid19.Library.CovidDataJohnsHopkinsExtractor;Traitement du fichier "01-22-2020.csv", lignes ajoutées/traitées: 38/38
2020-04-26 14:26:26.3489119;[DEBUG];[1  ];Covid19.Library.CovidDataJohnsHopkinsExtractor;Traitement du fichier "01-23-2020.csv", lignes ajoutées/traitées: 46/46
2020-04-26 14:26:26.3569212;[DEBUG];[1  ];Covid19.Library.CovidDataJohnsHopkinsExtractor;Traitement du fichier "01-24-2020.csv", lignes ajoutées/traitées: 41/41
2020-04-26 14:26:26.3609282;[DEBUG];[1  ];Covid19.Library.CovidDataJohnsHopkinsExtractor;Traitement du fichier "01-25-2020.csv", lignes ajoutées/traitées: 44/44
2020-04-26 14:26:26.3722765;[DEBUG];[1  ];Covid19.Library.CovidDataJohnsHopkinsExtractor;Traitement du fichier "01-26-2020.csv", lignes ajoutées/traitées: 47/47
2020-04-26 14:26:26.3871211;[DEBUG];[1  ];Covid19.Library.CovidDataJohnsHopkinsExtractor;Traitement du fichier "01-27-2020.csv", lignes ajoutées/traitées: 51/51
2020-04-26 14:26:26.4001148;[DEBUG];[1  ];Covid19.Library.CovidDataJohnsHopkinsExtractor;Traitement du fichier "01-28-2020.csv", lignes ajoutées/traitées: 52/52
2020-04-26 14:26:26.4181161;[DEBUG];[1  ];Covid19.Library.CovidDataJohnsHopkinsExtractor;Traitement du fichier "01-29-2020.csv", lignes ajoutées/traitées: 54/54
2020-04-26 14:26:26.4271150;[DEBUG];[1  ];Covid19.Library.CovidDataJohnsHopkinsExtractor;Traitement du fichier "01-30-2020.csv", lignes ajoutées/traitées: 58/58
2020-04-26 14:26:26.4384203;[DEBUG];[1  ];Covid19.Library.CovidDataJohnsHopkinsExtractor;Traitement du fichier "01-31-2020.csv", lignes ajoutées/traitées: 62/62
2020-04-26 14:26:26.4537448;[DEBUG];[1  ];Covid19.Library.CovidDataJohnsHopkinsExtractor;Traitement du fichier "02-01-2020.csv", lignes ajoutées/traitées: 67/67
2020-04-26 14:26:26.4617448;[DEBUG];[1  ];Covid19.Library.CovidDataJohnsHopkinsExtractor;Traitement du fichier "02-02-2020.csv", lignes ajoutées/traitées: 67/67
2020-04-26 14:26:26.4677606;[DEBUG];[1  ];Covid19.Library.CovidDataJohnsHopkinsExtractor;Traitement du fichier "02-03-2020.csv", lignes ajoutées/traitées: 68/68
2020-04-26 14:26:26.4738010;[DEBUG];[1  ];Covid19.Library.CovidDataJohnsHopkinsExtractor;Traitement du fichier "02-04-2020.csv", lignes ajoutées/traitées: 70/70
2020-04-26 14:26:26.4866170;[DEBUG];[1  ];Covid19.Library.CovidDataJohnsHopkinsExtractor;Traitement du fichier "02-05-2020.csv", lignes ajoutées/traitées: 71/71
2020-04-26 14:26:26.5009872;[DEBUG];[1  ];Covid19.Library.CovidDataJohnsHopkinsExtractor;Traitement du fichier "02-06-2020.csv", lignes ajoutées/traitées: 71/71
2020-04-26 14:26:26.5091604;[DEBUG];[1  ];Covid19.Library.CovidDataJohnsHopkinsExtractor;Traitement du fichier "02-07-2020.csv", lignes ajoutées/traitées: 72/72
2020-04-26 14:26:26.5221605;[DEBUG];[1  ];Covid19.Library.CovidDataJohnsHopkinsExtractor;Traitement du fichier "02-08-2020.csv", lignes ajoutées/traitées: 72/72
2020-04-26 14:26:26.5305704;[DEBUG];[1  ];Covid19.Library.CovidDataJohnsHopkinsExtractor;Traitement du fichier "02-09-2020.csv", lignes ajoutées/traitées: 72/72
2020-04-26 14:26:26.5375689;[DEBUG];[1  ];Covid19.Library.CovidDataJohnsHopkinsExtractor;Traitement du fichier "02-10-2020.csv", lignes ajoutées/traitées: 72/72
2020-04-26 14:26:26.5495701;[DEBUG];[1  ];Covid19.Library.CovidDataJohnsHopkinsExtractor;Traitement du fichier "02-11-2020.csv", lignes ajoutées/traitées: 73/73
2020-04-26 14:26:26.5664850;[DEBUG];[1  ];Covid19.Library.CovidDataJohnsHopkinsExtractor;Traitement du fichier "02-12-2020.csv", lignes ajoutées/traitées: 73/73
2020-04-26 14:26:26.5847515;[DEBUG];[1  ];Covid19.Library.CovidDataJohnsHopkinsExtractor;Traitement du fichier "02-13-2020.csv", lignes ajoutées/traitées: 74/74
2020-04-26 14:26:26.5967417;[DEBUG];[1  ];Covid19.Library.CovidDataJohnsHopkinsExtractor;Traitement du fichier "02-14-2020.csv", lignes ajoutées/traitées: 75/75
2020-04-26 14:26:26.6123424;[DEBUG];[1  ];Covid19.Library.CovidDataJohnsHopkinsExtractor;Traitement du fichier "02-15-2020.csv", lignes ajoutées/traitées: 75/75
2020-04-26 14:26:26.6243288;[DEBUG];[1  ];Covid19.Library.CovidDataJohnsHopkinsExtractor;Traitement du fichier "02-16-2020.csv", lignes ajoutées/traitées: 75/75
2020-04-26 14:26:26.6373318;[DEBUG];[1  ];Covid19.Library.CovidDataJohnsHopkinsExtractor;Traitement du fichier "02-17-2020.csv", lignes ajoutées/traitées: 75/75
2020-04-26 14:26:26.6423304;[DEBUG];[1  ];Covid19.Library.CovidDataJohnsHopkinsExtractor;Traitement du fichier "02-18-2020.csv", lignes ajoutées/traitées: 75/75
2020-04-26 14:26:26.6543358;[DEBUG];[1  ];Covid19.Library.CovidDataJohnsHopkinsExtractor;Traitement du fichier "02-19-2020.csv", lignes ajoutées/traitées: 76/76
2020-04-26 14:26:26.6644502;[DEBUG];[1  ];Covid19.Library.CovidDataJohnsHopkinsExtractor;Traitement du fichier "02-20-2020.csv", lignes ajoutées/traitées: 76/76
2020-04-26 14:26:26.6774595;[DEBUG];[1  ];Covid19.Library.CovidDataJohnsHopkinsExtractor;Traitement du fichier "02-21-2020.csv", lignes ajoutées/traitées: 84/84
2020-04-26 14:26:26.6835999;[DEBUG];[1  ];Covid19.Library.CovidDataJohnsHopkinsExtractor;Traitement du fichier "02-22-2020.csv", lignes ajoutées/traitées: 84/84
2020-04-26 14:26:26.7051650;[DEBUG];[1  ];Covid19.Library.CovidDataJohnsHopkinsExtractor;Traitement du fichier "02-23-2020.csv", lignes ajoutées/traitées: 85/85
2020-04-26 14:26:26.7121645;[DEBUG];[1  ];Covid19.Library.CovidDataJohnsHopkinsExtractor;Traitement du fichier "02-24-2020.csv", lignes ajoutées/traitées: 90/90
2020-04-26 14:26:26.7274782;[DEBUG];[1  ];Covid19.Library.CovidDataJohnsHopkinsExtractor;Traitement du fichier "02-25-2020.csv", lignes ajoutées/traitées: 94/94
2020-04-26 14:26:26.7498052;[DEBUG];[1  ];Covid19.Library.CovidDataJohnsHopkinsExtractor;Traitement du fichier "02-26-2020.csv", lignes ajoutées/traitées: 101/101
2020-04-26 14:26:26.7621947;[DEBUG];[1  ];Covid19.Library.CovidDataJohnsHopkinsExtractor;Traitement du fichier "02-27-2020.csv", lignes ajoutées/traitées: 105/105
2020-04-26 14:26:26.7695604;[DEBUG];[1  ];Covid19.Library.CovidDataJohnsHopkinsExtractor;Traitement du fichier "02-28-2020.csv", lignes ajoutées/traitées: 114/114
2020-04-26 14:26:26.7815603;[DEBUG];[1  ];Covid19.Library.CovidDataJohnsHopkinsExtractor;Traitement du fichier "02-29-2020.csv", lignes ajoutées/traitées: 119/119
2020-04-26 14:26:26.7986818;[DEBUG];[1  ];Covid19.Library.CovidDataJohnsHopkinsExtractor;Traitement du fichier "03-01-2020.csv", lignes ajoutées/traitées: 125/125
2020-04-26 14:26:26.8181158;[DEBUG];[1  ];Covid19.Library.CovidDataJohnsHopkinsExtractor;Traitement du fichier "03-02-2020.csv", lignes ajoutées/traitées: 141/141
2020-04-26 14:26:26.8251158;[DEBUG];[1  ];Covid19.Library.CovidDataJohnsHopkinsExtractor;Traitement du fichier "03-03-2020.csv", lignes ajoutées/traitées: 151/151
2020-04-26 14:26:26.8351170;[DEBUG];[1  ];Covid19.Library.CovidDataJohnsHopkinsExtractor;Traitement du fichier "03-04-2020.csv", lignes ajoutées/traitées: 160/160
2020-04-26 14:26:26.8416118;[DEBUG];[1  ];Covid19.Library.CovidDataJohnsHopkinsExtractor;Traitement du fichier "03-05-2020.csv", lignes ajoutées/traitées: 173/173
2020-04-26 14:26:26.8456121;[DEBUG];[1  ];Covid19.Library.CovidDataJohnsHopkinsExtractor;Traitement du fichier "03-06-2020.csv", lignes ajoutées/traitées: 199/199
2020-04-26 14:26:26.8696501;[DEBUG];[1  ];Covid19.Library.CovidDataJohnsHopkinsExtractor;Traitement du fichier "03-07-2020.csv", lignes ajoutées/traitées: 225/225
2020-04-26 14:26:26.8900763;[DEBUG];[1  ];Covid19.Library.CovidDataJohnsHopkinsExtractor;Traitement du fichier "03-08-2020.csv", lignes ajoutées/traitées: 255/255
2020-04-26 14:26:26.9077291;[DEBUG];[1  ];Covid19.Library.CovidDataJohnsHopkinsExtractor;Traitement du fichier "03-09-2020.csv", lignes ajoutées/traitées: 266/266
2020-04-26 14:26:26.9129465;[DEBUG];[1  ];Covid19.Library.CovidDataJohnsHopkinsExtractor;Traitement du fichier "03-10-2020.csv", lignes ajoutées/traitées: 206/206
2020-04-26 14:26:26.9169468;[DEBUG];[1  ];Covid19.Library.CovidDataJohnsHopkinsExtractor;Traitement du fichier "03-11-2020.csv", lignes ajoutées/traitées: 216/216
2020-04-26 14:26:26.9350506;[DEBUG];[1  ];Covid19.Library.CovidDataJohnsHopkinsExtractor;Traitement du fichier "03-12-2020.csv", lignes ajoutées/traitées: 218/218
2020-04-26 14:26:26.9417573;[DEBUG];[1  ];Covid19.Library.CovidDataJohnsHopkinsExtractor;Traitement du fichier "03-13-2020.csv", lignes ajoutées/traitées: 230/230
2020-04-26 14:26:26.9457605;[DEBUG];[1  ];Covid19.Library.CovidDataJohnsHopkinsExtractor;Traitement du fichier "03-14-2020.csv", lignes ajoutées/traitées: 249/249
2020-04-26 14:26:26.9610306;[DEBUG];[1  ];Covid19.Library.CovidDataJohnsHopkinsExtractor;Traitement du fichier "03-15-2020.csv", lignes ajoutées/traitées: 258/258
2020-04-26 14:26:26.9820673;[DEBUG];[1  ];Covid19.Library.CovidDataJohnsHopkinsExtractor;Traitement du fichier "03-16-2020.csv", lignes ajoutées/traitées: 272/272
2020-04-26 14:26:26.9900678;[DEBUG];[1  ];Covid19.Library.CovidDataJohnsHopkinsExtractor;Traitement du fichier "03-17-2020.csv", lignes ajoutées/traitées: 276/276
2020-04-26 14:26:27.0190677;[DEBUG];[1  ];Covid19.Library.CovidDataJohnsHopkinsExtractor;Traitement du fichier "03-18-2020.csv", lignes ajoutées/traitées: 284/284
2020-04-26 14:26:27.0360692;[DEBUG];[1  ];Covid19.Library.CovidDataJohnsHopkinsExtractor;Traitement du fichier "03-19-2020.csv", lignes ajoutées/traitées: 292/292
2020-04-26 14:26:27.0540678;[DEBUG];[1  ];Covid19.Library.CovidDataJohnsHopkinsExtractor;Traitement du fichier "03-20-2020.csv", lignes ajoutées/traitées: 299/299
2020-04-26 14:26:27.0640699;[DEBUG];[1  ];Covid19.Library.CovidDataJohnsHopkinsExtractor;Traitement du fichier "03-21-2020.csv", lignes ajoutées/traitées: 304/304
2020-04-26 14:26:27.1350675;[DEBUG];[1  ];Covid19.Library.CovidDataJohnsHopkinsExtractor;Traitement du fichier "03-22-2020.csv", lignes ajoutées/traitées: 3416/3417
2020-04-26 14:26:27.2170659;[DEBUG];[1  ];Covid19.Library.CovidDataJohnsHopkinsExtractor;Traitement du fichier "03-23-2020.csv", lignes ajoutées/traitées: 3413/3413
2020-04-26 14:26:27.2780674;[DEBUG];[1  ];Covid19.Library.CovidDataJohnsHopkinsExtractor;Traitement du fichier "03-24-2020.csv", lignes ajoutées/traitées: 3416/3416
2020-04-26 14:26:27.3490718;[DEBUG];[1  ];Covid19.Library.CovidDataJohnsHopkinsExtractor;Traitement du fichier "03-25-2020.csv", lignes ajoutées/traitées: 3420/3420
2020-04-26 14:26:27.4040715;[DEBUG];[1  ];Covid19.Library.CovidDataJohnsHopkinsExtractor;Traitement du fichier "03-26-2020.csv", lignes ajoutées/traitées: 3421/3421
2020-04-26 14:26:27.4710715;[DEBUG];[1  ];Covid19.Library.CovidDataJohnsHopkinsExtractor;Traitement du fichier "03-27-2020.csv", lignes ajoutées/traitées: 3429/3429
2020-04-26 14:26:27.5400715;[DEBUG];[1  ];Covid19.Library.CovidDataJohnsHopkinsExtractor;Traitement du fichier "03-28-2020.csv", lignes ajoutées/traitées: 3430/3430
2020-04-26 14:26:27.6060678;[DEBUG];[1  ];Covid19.Library.CovidDataJohnsHopkinsExtractor;Traitement du fichier "03-29-2020.csv", lignes ajoutées/traitées: 3434/3434
2020-04-26 14:26:28.0609194;[DEBUG];[1  ];Covid19.Library.CovidDataJohnsHopkinsExtractor;Traitement du fichier "03-30-2020.csv", lignes ajoutées/traitées: 3439/3439
2020-04-26 14:26:28.1129195;[DEBUG];[1  ];Covid19.Library.CovidDataJohnsHopkinsExtractor;Traitement du fichier "03-31-2020.csv", lignes ajoutées/traitées: 2434/2434
2020-04-26 14:26:28.1693278;[DEBUG];[1  ];Covid19.Library.CovidDataJohnsHopkinsExtractor;Traitement du fichier "04-01-2020.csv", lignes ajoutées/traitées: 2483/2483
2020-04-26 14:26:28.2543272;[DEBUG];[1  ];Covid19.Library.CovidDataJohnsHopkinsExtractor;Traitement du fichier "04-02-2020.csv", lignes ajoutées/traitées: 2569/2569
2020-04-26 14:26:28.3373272;[DEBUG];[1  ];Covid19.Library.CovidDataJohnsHopkinsExtractor;Traitement du fichier "04-03-2020.csv", lignes ajoutées/traitées: 2624/2624
2020-04-26 14:26:28.5509182;[DEBUG];[1  ];Covid19.Library.CovidDataJohnsHopkinsExtractor;Traitement du fichier "04-04-2020.csv", lignes ajoutées/traitées: 2678/2678
2020-04-26 14:26:28.6462224;[DEBUG];[1  ];Covid19.Library.CovidDataJohnsHopkinsExtractor;Traitement du fichier "04-05-2020.csv", lignes ajoutées/traitées: 2763/2763
2020-04-26 14:26:28.6982230;[DEBUG];[1  ];Covid19.Library.CovidDataJohnsHopkinsExtractor;Traitement du fichier "04-06-2020.csv", lignes ajoutées/traitées: 2808/2808
2020-04-26 14:26:28.7612245;[DEBUG];[1  ];Covid19.Library.CovidDataJohnsHopkinsExtractor;Traitement du fichier "04-07-2020.csv", lignes ajoutées/traitées: 2856/2856
2020-04-26 14:26:28.8520685;[DEBUG];[1  ];Covid19.Library.CovidDataJohnsHopkinsExtractor;Traitement du fichier "04-08-2020.csv", lignes ajoutées/traitées: 2882/2882
2020-04-26 14:26:28.9452544;[DEBUG];[1  ];Covid19.Library.CovidDataJohnsHopkinsExtractor;Traitement du fichier "04-09-2020.csv", lignes ajoutées/traitées: 2910/2910
2020-04-26 14:26:29.0342529;[DEBUG];[1  ];Covid19.Library.CovidDataJohnsHopkinsExtractor;Traitement du fichier "04-10-2020.csv", lignes ajoutées/traitées: 2941/2941
2020-04-26 14:26:29.1414890;[DEBUG];[1  ];Covid19.Library.CovidDataJohnsHopkinsExtractor;Traitement du fichier "04-11-2020.csv", lignes ajoutées/traitées: 2965/2965
2020-04-26 14:26:29.2004963;[DEBUG];[1  ];Covid19.Library.CovidDataJohnsHopkinsExtractor;Traitement du fichier "04-12-2020.csv", lignes ajoutées/traitées: 2988/2988
2020-04-26 14:26:29.2564888;[DEBUG];[1  ];Covid19.Library.CovidDataJohnsHopkinsExtractor;Traitement du fichier "04-13-2020.csv", lignes ajoutées/traitées: 3001/3001
2020-04-26 14:26:29.3104912;[DEBUG];[1  ];Covid19.Library.CovidDataJohnsHopkinsExtractor;Traitement du fichier "04-14-2020.csv", lignes ajoutées/traitées: 3013/3013
2020-04-26 14:26:29.4105129;[DEBUG];[1  ];Covid19.Library.CovidDataJohnsHopkinsExtractor;Traitement du fichier "04-15-2020.csv", lignes ajoutées/traitées: 3026/3026
2020-04-26 14:26:29.5107162;[DEBUG];[1  ];Covid19.Library.CovidDataJohnsHopkinsExtractor;Traitement du fichier "04-16-2020.csv", lignes ajoutées/traitées: 3041/3041
2020-04-26 14:26:29.6077135;[DEBUG];[1  ];Covid19.Library.CovidDataJohnsHopkinsExtractor;Traitement du fichier "04-17-2020.csv", lignes ajoutées/traitées: 3045/3045
2020-04-26 14:26:29.6970257;[DEBUG];[1  ];Covid19.Library.CovidDataJohnsHopkinsExtractor;Traitement du fichier "04-18-2020.csv", lignes ajoutées/traitées: 3053/3053
2020-04-26 14:26:29.7693005;[DEBUG];[1  ];Covid19.Library.CovidDataJohnsHopkinsExtractor;Traitement du fichier "04-19-2020.csv", lignes ajoutées/traitées: 3072/3072
2020-04-26 14:26:29.8735600;[DEBUG];[1  ];Covid19.Library.CovidDataJohnsHopkinsExtractor;Traitement du fichier "04-20-2020.csv", lignes ajoutées/traitées: 3081/3081
2020-04-26 14:26:29.9285622;[DEBUG];[1  ];Covid19.Library.CovidDataJohnsHopkinsExtractor;Traitement du fichier "04-21-2020.csv", lignes ajoutées/traitées: 3091/3091
2020-04-26 14:26:29.9965662;[DEBUG];[1  ];Covid19.Library.CovidDataJohnsHopkinsExtractor;Traitement du fichier "04-22-2020.csv", lignes ajoutées/traitées: 3099/3099
2020-04-26 14:26:30.0969124;[DEBUG];[1  ];Covid19.Library.CovidDataJohnsHopkinsExtractor;Traitement du fichier "04-23-2020.csv", lignes ajoutées/traitées: 3120/3120
2020-04-26 14:26:30.1629134;[DEBUG];[1  ];Covid19.Library.CovidDataJohnsHopkinsExtractor;Traitement du fichier "04-24-2020.csv", lignes ajoutées/traitées: 3128/3128
2020-04-26 14:26:30.1647868;[WARN ];[1  ];Covid19.Library.CovidDataJohnsHopkinsExtractor;Il y a 60 fichiers dans lesquels une ou plusieurs colonnes n'ont pas été trouvées: "Admin2, Latitude, Lat, Longitude, Long_"
2020-04-26 14:26:30.1667903;[DEBUG];[1  ];Covid19.Library.CovidDataJohnsHopkinsExtractor;Les champs suivants n'ont pas été trouvés:
01-22-2020.csv: "Admin2", "Latitude, Lat", "Longitude, Long_"
01-23-2020.csv: "Admin2", "Latitude, Lat", "Longitude, Long_"
01-24-2020.csv: "Admin2", "Latitude, Lat", "Longitude, Long_"
01-25-2020.csv: "Admin2", "Latitude, Lat", "Longitude, Long_"
01-26-2020.csv: "Admin2", "Latitude, Lat", "Longitude, Long_"
01-27-2020.csv: "Admin2", "Latitude, Lat", "Longitude, Long_"
01-28-2020.csv: "Admin2", "Latitude, Lat", "Longitude, Long_"
01-29-2020.csv: "Admin2", "Latitude, Lat", "Longitude, Long_"
01-30-2020.csv: "Admin2", "Latitude, Lat", "Longitude, Long_"
01-31-2020.csv: "Admin2", "Latitude, Lat", "Longitude, Long_"
02-01-2020.csv: "Admin2", "Latitude, Lat", "Longitude, Long_"
02-02-2020.csv: "Admin2", "Latitude, Lat", "Longitude, Long_"
02-03-2020.csv: "Admin2", "Latitude, Lat", "Longitude, Long_"
02-04-2020.csv: "Admin2", "Latitude, Lat", "Longitude, Long_"
02-05-2020.csv: "Admin2", "Latitude, Lat", "Longitude, Long_"
02-06-2020.csv: "Admin2", "Latitude, Lat", "Longitude, Long_"
02-07-2020.csv: "Admin2", "Latitude, Lat", "Longitude, Long_"
02-08-2020.csv: "Admin2", "Latitude, Lat", "Longitude, Long_"
02-09-2020.csv: "Admin2", "Latitude, Lat", "Longitude, Long_"
02-10-2020.csv: "Admin2", "Latitude, Lat", "Longitude, Long_"
02-11-2020.csv: "Admin2", "Latitude, Lat", "Longitude, Long_"
02-12-2020.csv: "Admin2", "Latitude, Lat", "Longitude, Long_"
02-13-2020.csv: "Admin2", "Latitude, Lat", "Longitude, Long_"
02-14-2020.csv: "Admin2", "Latitude, Lat", "Longitude, Long_"
02-15-2020.csv: "Admin2", "Latitude, Lat", "Longitude, Long_"
02-16-2020.csv: "Admin2", "Latitude, Lat", "Longitude, Long_"
02-17-2020.csv: "Admin2", "Latitude, Lat", "Longitude, Long_"
02-18-2020.csv: "Admin2", "Latitude, Lat", "Longitude, Long_"
02-19-2020.csv: "Admin2", "Latitude, Lat", "Longitude, Long_"
02-20-2020.csv: "Admin2", "Latitude, Lat", "Longitude, Long_"
02-21-2020.csv: "Admin2", "Latitude, Lat", "Longitude, Long_"
02-22-2020.csv: "Admin2", "Latitude, Lat", "Longitude, Long_"
02-23-2020.csv: "Admin2", "Latitude, Lat", "Longitude, Long_"
02-24-2020.csv: "Admin2", "Latitude, Lat", "Longitude, Long_"
02-25-2020.csv: "Admin2", "Latitude, Lat", "Longitude, Long_"
02-26-2020.csv: "Admin2", "Latitude, Lat", "Longitude, Long_"
02-27-2020.csv: "Admin2", "Latitude, Lat", "Longitude, Long_"
02-28-2020.csv: "Admin2", "Latitude, Lat", "Longitude, Long_"
02-29-2020.csv: "Admin2", "Latitude, Lat", "Longitude, Long_"
03-01-2020.csv: "Admin2"
03-02-2020.csv: "Admin2"
03-03-2020.csv: "Admin2"
03-04-2020.csv: "Admin2"
03-05-2020.csv: "Admin2"
03-06-2020.csv: "Admin2"
03-07-2020.csv: "Admin2"
03-08-2020.csv: "Admin2"
03-09-2020.csv: "Admin2"
03-10-2020.csv: "Admin2"
03-11-2020.csv: "Admin2"
03-12-2020.csv: "Admin2"
03-13-2020.csv: "Admin2"
03-14-2020.csv: "Admin2"
03-15-2020.csv: "Admin2"
03-16-2020.csv: "Admin2"
03-17-2020.csv: "Admin2"
03-18-2020.csv: "Admin2"
03-19-2020.csv: "Admin2"
03-20-2020.csv: "Admin2"
03-21-2020.csv: "Admin2"
2020-04-26 14:26:30.1818081;[INFO ];[1  ];Covid19.Library.CovidDataJohnsHopkinsExtractor;Found 111106 records
2020-04-26 21:14:16.6618259;[DEBUG];[1  ];Covid19.Library.CovidDataEcdcDownloader;File "COVID-19-geographic-disbtribution-worldwide-2020-03-07" already exists
2020-04-26 21:14:16.6898271;[DEBUG];[1  ];Covid19.Library.CovidDataEcdcDownloader;File "COVID-19-geographic-disbtribution-worldwide-2020-03-08" already exists
2020-04-26 21:14:16.6908250;[DEBUG];[1  ];Covid19.Library.CovidDataEcdcDownloader;File "COVID-19-geographic-disbtribution-worldwide-2020-03-09" already exists
2020-04-26 21:14:16.6908250;[DEBUG];[1  ];Covid19.Library.CovidDataEcdcDownloader;File "COVID-19-geographic-disbtribution-worldwide-2020-03-10" already exists
2020-04-26 21:14:16.6918341;[DEBUG];[1  ];Covid19.Library.CovidDataEcdcDownloader;File "COVID-19-geographic-disbtribution-worldwide-2020-03-11" already exists
2020-04-26 21:14:16.7038271;[DEBUG];[1  ];Covid19.Library.CovidDataEcdcDownloader;File "COVID-19-geographic-disbtribution-worldwide-2020-03-12" already exists
2020-04-26 21:14:16.7048272;[DEBUG];[1  ];Covid19.Library.CovidDataEcdcDownloader;File "COVID-19-geographic-disbtribution-worldwide-2020-03-13" already exists
2020-04-26 21:14:16.7048272;[DEBUG];[1  ];Covid19.Library.CovidDataEcdcDownloader;File "COVID-19-geographic-disbtribution-worldwide-2020-03-14" already exists
2020-04-26 21:14:16.7048272;[DEBUG];[1  ];Covid19.Library.CovidDataEcdcDownloader;File "COVID-19-geographic-disbtribution-worldwide-2020-03-15" already exists
2020-04-26 21:14:16.7058282;[DEBUG];[1  ];Covid19.Library.CovidDataEcdcDownloader;File "COVID-19-geographic-disbtribution-worldwide-2020-03-16" already exists
2020-04-26 21:14:16.7058282;[DEBUG];[1  ];Covid19.Library.CovidDataEcdcDownloader;File "COVID-19-geographic-disbtribution-worldwide-2020-03-17" already exists
2020-04-26 21:14:16.7058282;[DEBUG];[1  ];Covid19.Library.CovidDataEcdcDownloader;File "COVID-19-geographic-disbtribution-worldwide-2020-03-18" already exists
2020-04-26 21:14:16.7058282;[DEBUG];[1  ];Covid19.Library.CovidDataEcdcDownloader;File "COVID-19-geographic-disbtribution-worldwide-2020-03-19" already exists
2020-04-26 21:14:16.7068290;[DEBUG];[1  ];Covid19.Library.CovidDataEcdcDownloader;File "COVID-19-geographic-disbtribution-worldwide-2020-03-20" already exists
2020-04-26 21:14:16.7068290;[DEBUG];[1  ];Covid19.Library.CovidDataEcdcDownloader;File "COVID-19-geographic-disbtribution-worldwide-2020-03-21" already exists
2020-04-26 21:14:16.7068290;[DEBUG];[1  ];Covid19.Library.CovidDataEcdcDownloader;File "COVID-19-geographic-disbtribution-worldwide-2020-03-22" already exists
2020-04-26 21:14:16.7068290;[DEBUG];[1  ];Covid19.Library.CovidDataEcdcDownloader;File "COVID-19-geographic-disbtribution-worldwide-2020-03-23" already exists
2020-04-26 21:14:16.7078279;[DEBUG];[1  ];Covid19.Library.CovidDataEcdcDownloader;File "COVID-19-geographic-disbtribution-worldwide-2020-03-24" already exists
2020-04-26 21:14:16.7078279;[DEBUG];[1  ];Covid19.Library.CovidDataEcdcDownloader;File "COVID-19-geographic-disbtribution-worldwide-2020-03-25" already exists
2020-04-26 21:14:16.7078279;[DEBUG];[1  ];Covid19.Library.CovidDataEcdcDownloader;File "COVID-19-geographic-disbtribution-worldwide-2020-03-26" already exists
2020-04-26 21:14:16.7078279;[DEBUG];[1  ];Covid19.Library.CovidDataEcdcDownloader;File "COVID-19-geographic-disbtribution-worldwide-2020-03-27" already exists
2020-04-26 21:14:16.7078279;[DEBUG];[1  ];Covid19.Library.CovidDataEcdcDownloader;File "COVID-19-geographic-disbtribution-worldwide-2020-03-28" already exists
2020-04-26 21:14:16.7098266;[DEBUG];[1  ];Covid19.Library.CovidDataEcdcDownloader;File "COVID-19-geographic-disbtribution-worldwide-2020-03-29" already exists
2020-04-26 21:14:16.7098266;[DEBUG];[1  ];Covid19.Library.CovidDataEcdcDownloader;File "COVID-19-geographic-disbtribution-worldwide-2020-03-30" already exists
2020-04-26 21:14:16.7098266;[DEBUG];[1  ];Covid19.Library.CovidDataEcdcDownloader;File "COVID-19-geographic-disbtribution-worldwide-2020-03-31" already exists
2020-04-26 21:14:16.7098266;[DEBUG];[1  ];Covid19.Library.CovidDataEcdcDownloader;File "COVID-19-geographic-disbtribution-worldwide-2020-04-01" already exists
2020-04-26 21:14:16.7098266;[DEBUG];[1  ];Covid19.Library.CovidDataEcdcDownloader;File "COVID-19-geographic-disbtribution-worldwide-2020-04-02" already exists
2020-04-26 21:14:16.7108262;[DEBUG];[1  ];Covid19.Library.CovidDataEcdcDownloader;File "COVID-19-geographic-disbtribution-worldwide-2020-04-03" already exists
2020-04-26 21:14:16.7108262;[DEBUG];[1  ];Covid19.Library.CovidDataEcdcDownloader;File "COVID-19-geographic-disbtribution-worldwide-2020-04-04" already exists
2020-04-26 21:14:16.7108262;[DEBUG];[1  ];Covid19.Library.CovidDataEcdcDownloader;File "COVID-19-geographic-disbtribution-worldwide-2020-04-05" already exists
2020-04-26 21:14:16.7208295;[DEBUG];[1  ];Covid19.Library.CovidDataEcdcDownloader;File "COVID-19-geographic-disbtribution-worldwide-2020-04-06" already exists
2020-04-26 21:14:16.7208295;[DEBUG];[1  ];Covid19.Library.CovidDataEcdcDownloader;File "COVID-19-geographic-disbtribution-worldwide-2020-04-07" already exists
2020-04-26 21:14:16.7218273;[DEBUG];[1  ];Covid19.Library.CovidDataEcdcDownloader;File "COVID-19-geographic-disbtribution-worldwide-2020-04-08" already exists
2020-04-26 21:14:16.7228273;[DEBUG];[1  ];Covid19.Library.CovidDataEcdcDownloader;File "COVID-19-geographic-disbtribution-worldwide-2020-04-09" already exists
2020-04-26 21:14:16.7228273;[DEBUG];[1  ];Covid19.Library.CovidDataEcdcDownloader;File "COVID-19-geographic-disbtribution-worldwide-2020-04-10" already exists
2020-04-26 21:14:16.7238253;[DEBUG];[1  ];Covid19.Library.CovidDataEcdcDownloader;File "COVID-19-geographic-disbtribution-worldwide-2020-04-11" already exists
2020-04-26 21:14:16.7238253;[DEBUG];[1  ];Covid19.Library.CovidDataEcdcDownloader;File "COVID-19-geographic-disbtribution-worldwide-2020-04-12" already exists
2020-04-26 21:14:16.7248264;[DEBUG];[1  ];Covid19.Library.CovidDataEcdcDownloader;File "COVID-19-geographic-disbtribution-worldwide-2020-04-13" already exists
2020-04-26 21:14:16.7248264;[DEBUG];[1  ];Covid19.Library.CovidDataEcdcDownloader;File "COVID-19-geographic-disbtribution-worldwide-2020-04-14" already exists
2020-04-26 21:14:16.7248264;[DEBUG];[1  ];Covid19.Library.CovidDataEcdcDownloader;File "COVID-19-geographic-disbtribution-worldwide-2020-04-15" already exists
2020-04-26 21:14:16.7258259;[DEBUG];[1  ];Covid19.Library.CovidDataEcdcDownloader;File "COVID-19-geographic-disbtribution-worldwide-2020-04-16" already exists
2020-04-26 21:14:16.7258259;[DEBUG];[1  ];Covid19.Library.CovidDataEcdcDownloader;File "COVID-19-geographic-disbtribution-worldwide-2020-04-17" already exists
2020-04-26 21:14:16.7268277;[DEBUG];[1  ];Covid19.Library.CovidDataEcdcDownloader;File "COVID-19-geographic-disbtribution-worldwide-2020-04-18" already exists
2020-04-26 21:14:16.7278261;[DEBUG];[1  ];Covid19.Library.CovidDataEcdcDownloader;File "COVID-19-geographic-disbtribution-worldwide-2020-04-19" already exists
2020-04-26 21:14:16.7298275;[DEBUG];[1  ];Covid19.Library.CovidDataEcdcDownloader;File "COVID-19-geographic-disbtribution-worldwide-2020-04-20" already exists
2020-04-26 21:14:16.7298275;[DEBUG];[1  ];Covid19.Library.CovidDataEcdcDownloader;File "COVID-19-geographic-disbtribution-worldwide-2020-04-21" already exists
2020-04-26 21:14:16.7308269;[DEBUG];[1  ];Covid19.Library.CovidDataEcdcDownloader;File "COVID-19-geographic-disbtribution-worldwide-2020-04-22" already exists
2020-04-26 21:14:16.7308269;[DEBUG];[1  ];Covid19.Library.CovidDataEcdcDownloader;File "COVID-19-geographic-disbtribution-worldwide-2020-04-23" already exists
2020-04-26 21:14:16.7318259;[DEBUG];[1  ];Covid19.Library.CovidDataEcdcDownloader;File "COVID-19-geographic-disbtribution-worldwide-2020-04-24" already exists
2020-04-26 21:14:16.7318259;[DEBUG];[1  ];Covid19.Library.CovidDataEcdcDownloader;File "COVID-19-geographic-disbtribution-worldwide-2020-04-25" already exists
2020-04-26 21:14:16.7328256;[DEBUG];[1  ];Covid19.Library.CovidDataEcdcDownloader;File "COVID-19-geographic-disbtribution-worldwide-2020-04-26" already exists
2020-04-26 21:14:16.7908275;[DEBUG];[1  ];Covid19.Library.CovidDataEcdcExtractor;Reading file: "E:\Git\ImmobilisCommander\Covid19\Data\ECDC\COVID-19-geographic-disbtribution-worldwide-2020-04-26.xlsx"
2020-04-26 21:34:02.5217236;[DEBUG];[1  ];Covid19.Library.CovidDataEcdcDownloader;File "COVID-19-geographic-disbtribution-worldwide-2020-03-07" already exists
2020-04-26 21:34:02.5842276;[DEBUG];[1  ];Covid19.Library.CovidDataEcdcDownloader;File "COVID-19-geographic-disbtribution-worldwide-2020-03-08" already exists
2020-04-26 21:34:02.5842276;[DEBUG];[1  ];Covid19.Library.CovidDataEcdcDownloader;File "COVID-19-geographic-disbtribution-worldwide-2020-03-09" already exists
2020-04-26 21:34:02.5842276;[DEBUG];[1  ];Covid19.Library.CovidDataEcdcDownloader;File "COVID-19-geographic-disbtribution-worldwide-2020-03-10" already exists
2020-04-26 21:34:02.5842276;[DEBUG];[1  ];Covid19.Library.CovidDataEcdcDownloader;File "COVID-19-geographic-disbtribution-worldwide-2020-03-11" already exists
2020-04-26 21:34:02.5842276;[DEBUG];[1  ];Covid19.Library.CovidDataEcdcDownloader;File "COVID-19-geographic-disbtribution-worldwide-2020-03-12" already exists
2020-04-26 21:34:02.5842276;[DEBUG];[1  ];Covid19.Library.CovidDataEcdcDownloader;File "COVID-19-geographic-disbtribution-worldwide-2020-03-13" already exists
2020-04-26 21:34:02.5842276;[DEBUG];[1  ];Covid19.Library.CovidDataEcdcDownloader;File "COVID-19-geographic-disbtribution-worldwide-2020-03-14" already exists
2020-04-26 21:34:02.5842276;[DEBUG];[1  ];Covid19.Library.CovidDataEcdcDownloader;File "COVID-19-geographic-disbtribution-worldwide-2020-03-15" already exists
2020-04-26 21:34:02.5842276;[DEBUG];[1  ];Covid19.Library.CovidDataEcdcDownloader;File "COVID-19-geographic-disbtribution-worldwide-2020-03-16" already exists
2020-04-26 21:34:02.5842276;[DEBUG];[1  ];Covid19.Library.CovidDataEcdcDownloader;File "COVID-19-geographic-disbtribution-worldwide-2020-03-17" already exists
2020-04-26 21:34:02.5842276;[DEBUG];[1  ];Covid19.Library.CovidDataEcdcDownloader;File "COVID-19-geographic-disbtribution-worldwide-2020-03-18" already exists
2020-04-26 21:34:02.5842276;[DEBUG];[1  ];Covid19.Library.CovidDataEcdcDownloader;File "COVID-19-geographic-disbtribution-worldwide-2020-03-19" already exists
2020-04-26 21:34:02.5842276;[DEBUG];[1  ];Covid19.Library.CovidDataEcdcDownloader;File "COVID-19-geographic-disbtribution-worldwide-2020-03-20" already exists
2020-04-26 21:34:02.5842276;[DEBUG];[1  ];Covid19.Library.CovidDataEcdcDownloader;File "COVID-19-geographic-disbtribution-worldwide-2020-03-21" already exists
2020-04-26 21:34:02.5842276;[DEBUG];[1  ];Covid19.Library.CovidDataEcdcDownloader;File "COVID-19-geographic-disbtribution-worldwide-2020-03-22" already exists
2020-04-26 21:34:02.5842276;[DEBUG];[1  ];Covid19.Library.CovidDataEcdcDownloader;File "COVID-19-geographic-disbtribution-worldwide-2020-03-23" already exists
2020-04-26 21:34:02.5842276;[DEBUG];[1  ];Covid19.Library.CovidDataEcdcDownloader;File "COVID-19-geographic-disbtribution-worldwide-2020-03-24" already exists
2020-04-26 21:34:02.5842276;[DEBUG];[1  ];Covid19.Library.CovidDataEcdcDownloader;File "COVID-19-geographic-disbtribution-worldwide-2020-03-25" already exists
2020-04-26 21:34:02.5842276;[DEBUG];[1  ];Covid19.Library.CovidDataEcdcDownloader;File "COVID-19-geographic-disbtribution-worldwide-2020-03-26" already exists
2020-04-26 21:34:02.5842276;[DEBUG];[1  ];Covid19.Library.CovidDataEcdcDownloader;File "COVID-19-geographic-disbtribution-worldwide-2020-03-27" already exists
2020-04-26 21:34:02.5842276;[DEBUG];[1  ];Covid19.Library.CovidDataEcdcDownloader;File "COVID-19-geographic-disbtribution-worldwide-2020-03-28" already exists
2020-04-26 21:34:02.5842276;[DEBUG];[1  ];Covid19.Library.CovidDataEcdcDownloader;File "COVID-19-geographic-disbtribution-worldwide-2020-03-29" already exists
2020-04-26 21:34:02.5842276;[DEBUG];[1  ];Covid19.Library.CovidDataEcdcDownloader;File "COVID-19-geographic-disbtribution-worldwide-2020-03-30" already exists
2020-04-26 21:34:02.5842276;[DEBUG];[1  ];Covid19.Library.CovidDataEcdcDownloader;File "COVID-19-geographic-disbtribution-worldwide-2020-03-31" already exists
2020-04-26 21:34:02.5842276;[DEBUG];[1  ];Covid19.Library.CovidDataEcdcDownloader;File "COVID-19-geographic-disbtribution-worldwide-2020-04-01" already exists
2020-04-26 21:34:02.5842276;[DEBUG];[1  ];Covid19.Library.CovidDataEcdcDownloader;File "COVID-19-geographic-disbtribution-worldwide-2020-04-02" already exists
2020-04-26 21:34:02.5842276;[DEBUG];[1  ];Covid19.Library.CovidDataEcdcDownloader;File "COVID-19-geographic-disbtribution-worldwide-2020-04-03" already exists
2020-04-26 21:34:02.5842276;[DEBUG];[1  ];Covid19.Library.CovidDataEcdcDownloader;File "COVID-19-geographic-disbtribution-worldwide-2020-04-04" already exists
2020-04-26 21:34:02.5842276;[DEBUG];[1  ];Covid19.Library.CovidDataEcdcDownloader;File "COVID-19-geographic-disbtribution-worldwide-2020-04-05" already exists
2020-04-26 21:34:02.5842276;[DEBUG];[1  ];Covid19.Library.CovidDataEcdcDownloader;File "COVID-19-geographic-disbtribution-worldwide-2020-04-06" already exists
2020-04-26 21:34:02.5998424;[DEBUG];[1  ];Covid19.Library.CovidDataEcdcDownloader;File "COVID-19-geographic-disbtribution-worldwide-2020-04-07" already exists
2020-04-26 21:34:02.5998424;[DEBUG];[1  ];Covid19.Library.CovidDataEcdcDownloader;File "COVID-19-geographic-disbtribution-worldwide-2020-04-08" already exists
2020-04-26 21:34:02.5998424;[DEBUG];[1  ];Covid19.Library.CovidDataEcdcDownloader;File "COVID-19-geographic-disbtribution-worldwide-2020-04-09" already exists
2020-04-26 21:34:02.5998424;[DEBUG];[1  ];Covid19.Library.CovidDataEcdcDownloader;File "COVID-19-geographic-disbtribution-worldwide-2020-04-10" already exists
2020-04-26 21:34:02.5998424;[DEBUG];[1  ];Covid19.Library.CovidDataEcdcDownloader;File "COVID-19-geographic-disbtribution-worldwide-2020-04-11" already exists
2020-04-26 21:34:02.5998424;[DEBUG];[1  ];Covid19.Library.CovidDataEcdcDownloader;File "COVID-19-geographic-disbtribution-worldwide-2020-04-12" already exists
2020-04-26 21:34:02.5998424;[DEBUG];[1  ];Covid19.Library.CovidDataEcdcDownloader;File "COVID-19-geographic-disbtribution-worldwide-2020-04-13" already exists
2020-04-26 21:34:02.5998424;[DEBUG];[1  ];Covid19.Library.CovidDataEcdcDownloader;File "COVID-19-geographic-disbtribution-worldwide-2020-04-14" already exists
2020-04-26 21:34:02.5998424;[DEBUG];[1  ];Covid19.Library.CovidDataEcdcDownloader;File "COVID-19-geographic-disbtribution-worldwide-2020-04-15" already exists
2020-04-26 21:34:02.5998424;[DEBUG];[1  ];Covid19.Library.CovidDataEcdcDownloader;File "COVID-19-geographic-disbtribution-worldwide-2020-04-16" already exists
2020-04-26 21:34:02.5998424;[DEBUG];[1  ];Covid19.Library.CovidDataEcdcDownloader;File "COVID-19-geographic-disbtribution-worldwide-2020-04-17" already exists
2020-04-26 21:34:02.5998424;[DEBUG];[1  ];Covid19.Library.CovidDataEcdcDownloader;File "COVID-19-geographic-disbtribution-worldwide-2020-04-18" already exists
2020-04-26 21:34:02.5998424;[DEBUG];[1  ];Covid19.Library.CovidDataEcdcDownloader;File "COVID-19-geographic-disbtribution-worldwide-2020-04-19" already exists
2020-04-26 21:34:02.5998424;[DEBUG];[1  ];Covid19.Library.CovidDataEcdcDownloader;File "COVID-19-geographic-disbtribution-worldwide-2020-04-20" already exists
2020-04-26 21:34:02.5998424;[DEBUG];[1  ];Covid19.Library.CovidDataEcdcDownloader;File "COVID-19-geographic-disbtribution-worldwide-2020-04-21" already exists
2020-04-26 21:34:02.5998424;[DEBUG];[1  ];Covid19.Library.CovidDataEcdcDownloader;File "COVID-19-geographic-disbtribution-worldwide-2020-04-22" already exists
2020-04-26 21:34:02.5998424;[DEBUG];[1  ];Covid19.Library.CovidDataEcdcDownloader;File "COVID-19-geographic-disbtribution-worldwide-2020-04-23" already exists
2020-04-26 21:34:02.5998424;[DEBUG];[1  ];Covid19.Library.CovidDataEcdcDownloader;File "COVID-19-geographic-disbtribution-worldwide-2020-04-24" already exists
2020-04-26 21:34:02.5998424;[DEBUG];[1  ];Covid19.Library.CovidDataEcdcDownloader;File "COVID-19-geographic-disbtribution-worldwide-2020-04-25" already exists
2020-04-26 21:34:02.5998424;[DEBUG];[1  ];Covid19.Library.CovidDataEcdcDownloader;File "COVID-19-geographic-disbtribution-worldwide-2020-04-26" already exists
2020-04-26 21:34:02.6467179;[DEBUG];[1  ];Covid19.Library.CovidDataEcdcExtractor;Reading file: "E:\Git\ImmobilisCommander\Covid19\Data\ECDC\COVID-19-geographic-disbtribution-worldwide-2020-04-26.xlsx"
2020-04-26 21:34:05.8654703;[INFO ];[1  ];Covid19.Library.CovidDataEcdcExtractor;Found 13211 records
2020-04-26 21:34:06.2404700;[DEBUG];[1  ];Covid19.Library.CovidDataJohnsHopkinsExtractor;Traitement du fichier "01-22-2020.csv", lignes ajoutées/traitées: 38/38
2020-04-26 21:34:06.3655079;[DEBUG];[1  ];Covid19.Library.CovidDataJohnsHopkinsExtractor;Traitement du fichier "01-23-2020.csv", lignes ajoutées/traitées: 46/46
2020-04-26 21:34:06.3810989;[DEBUG];[1  ];Covid19.Library.CovidDataJohnsHopkinsExtractor;Traitement du fichier "01-24-2020.csv", lignes ajoutées/traitées: 41/41
2020-04-26 21:34:06.3810989;[DEBUG];[1  ];Covid19.Library.CovidDataJohnsHopkinsExtractor;Traitement du fichier "01-25-2020.csv", lignes ajoutées/traitées: 44/44
2020-04-26 21:34:06.3967315;[DEBUG];[1  ];Covid19.Library.CovidDataJohnsHopkinsExtractor;Traitement du fichier "01-26-2020.csv", lignes ajoutées/traitées: 47/47
2020-04-26 21:34:06.3967315;[DEBUG];[1  ];Covid19.Library.CovidDataJohnsHopkinsExtractor;Traitement du fichier "01-27-2020.csv", lignes ajoutées/traitées: 51/51
2020-04-26 21:34:06.3967315;[DEBUG];[1  ];Covid19.Library.CovidDataJohnsHopkinsExtractor;Traitement du fichier "01-28-2020.csv", lignes ajoutées/traitées: 52/52
2020-04-26 21:34:06.4123432;[DEBUG];[1  ];Covid19.Library.CovidDataJohnsHopkinsExtractor;Traitement du fichier "01-29-2020.csv", lignes ajoutées/traitées: 54/54
2020-04-26 21:34:06.4123432;[DEBUG];[1  ];Covid19.Library.CovidDataJohnsHopkinsExtractor;Traitement du fichier "01-30-2020.csv", lignes ajoutées/traitées: 58/58
2020-04-26 21:34:06.4123432;[DEBUG];[1  ];Covid19.Library.CovidDataJohnsHopkinsExtractor;Traitement du fichier "01-31-2020.csv", lignes ajoutées/traitées: 62/62
2020-04-26 21:34:06.4279722;[DEBUG];[1  ];Covid19.Library.CovidDataJohnsHopkinsExtractor;Traitement du fichier "02-01-2020.csv", lignes ajoutées/traitées: 67/67
2020-04-26 21:34:06.4279722;[DEBUG];[1  ];Covid19.Library.CovidDataJohnsHopkinsExtractor;Traitement du fichier "02-02-2020.csv", lignes ajoutées/traitées: 67/67
2020-04-26 21:34:06.4279722;[DEBUG];[1  ];Covid19.Library.CovidDataJohnsHopkinsExtractor;Traitement du fichier "02-03-2020.csv", lignes ajoutées/traitées: 68/68
2020-04-26 21:34:06.4279722;[DEBUG];[1  ];Covid19.Library.CovidDataJohnsHopkinsExtractor;Traitement du fichier "02-04-2020.csv", lignes ajoutées/traitées: 70/70
2020-04-26 21:34:06.4435965;[DEBUG];[1  ];Covid19.Library.CovidDataJohnsHopkinsExtractor;Traitement du fichier "02-05-2020.csv", lignes ajoutées/traitées: 71/71
2020-04-26 21:34:06.4435965;[DEBUG];[1  ];Covid19.Library.CovidDataJohnsHopkinsExtractor;Traitement du fichier "02-06-2020.csv", lignes ajoutées/traitées: 71/71
2020-04-26 21:34:06.4435965;[DEBUG];[1  ];Covid19.Library.CovidDataJohnsHopkinsExtractor;Traitement du fichier "02-07-2020.csv", lignes ajoutées/traitées: 72/72
2020-04-26 21:34:06.4592192;[DEBUG];[1  ];Covid19.Library.CovidDataJohnsHopkinsExtractor;Traitement du fichier "02-08-2020.csv", lignes ajoutées/traitées: 72/72
2020-04-26 21:34:06.4592192;[DEBUG];[1  ];Covid19.Library.CovidDataJohnsHopkinsExtractor;Traitement du fichier "02-09-2020.csv", lignes ajoutées/traitées: 72/72
2020-04-26 21:34:06.4748427;[DEBUG];[1  ];Covid19.Library.CovidDataJohnsHopkinsExtractor;Traitement du fichier "02-10-2020.csv", lignes ajoutées/traitées: 72/72
2020-04-26 21:34:06.4748427;[DEBUG];[1  ];Covid19.Library.CovidDataJohnsHopkinsExtractor;Traitement du fichier "02-11-2020.csv", lignes ajoutées/traitées: 73/73
2020-04-26 21:34:06.4904689;[DEBUG];[1  ];Covid19.Library.CovidDataJohnsHopkinsExtractor;Traitement du fichier "02-12-2020.csv", lignes ajoutées/traitées: 73/73
2020-04-26 21:34:06.4904689;[DEBUG];[1  ];Covid19.Library.CovidDataJohnsHopkinsExtractor;Traitement du fichier "02-13-2020.csv", lignes ajoutées/traitées: 74/74
2020-04-26 21:34:06.5060933;[DEBUG];[1  ];Covid19.Library.CovidDataJohnsHopkinsExtractor;Traitement du fichier "02-14-2020.csv", lignes ajoutées/traitées: 75/75
2020-04-26 21:34:06.5060933;[DEBUG];[1  ];Covid19.Library.CovidDataJohnsHopkinsExtractor;Traitement du fichier "02-15-2020.csv", lignes ajoutées/traitées: 75/75
2020-04-26 21:34:06.5060933;[DEBUG];[1  ];Covid19.Library.CovidDataJohnsHopkinsExtractor;Traitement du fichier "02-16-2020.csv", lignes ajoutées/traitées: 75/75
2020-04-26 21:34:06.5217189;[DEBUG];[1  ];Covid19.Library.CovidDataJohnsHopkinsExtractor;Traitement du fichier "02-17-2020.csv", lignes ajoutées/traitées: 75/75
2020-04-26 21:34:06.5217189;[DEBUG];[1  ];Covid19.Library.CovidDataJohnsHopkinsExtractor;Traitement du fichier "02-18-2020.csv", lignes ajoutées/traitées: 75/75
2020-04-26 21:34:06.5373434;[DEBUG];[1  ];Covid19.Library.CovidDataJohnsHopkinsExtractor;Traitement du fichier "02-19-2020.csv", lignes ajoutées/traitées: 76/76
2020-04-26 21:34:06.5373434;[DEBUG];[1  ];Covid19.Library.CovidDataJohnsHopkinsExtractor;Traitement du fichier "02-20-2020.csv", lignes ajoutées/traitées: 76/76
2020-04-26 21:34:06.5373434;[DEBUG];[1  ];Covid19.Library.CovidDataJohnsHopkinsExtractor;Traitement du fichier "02-21-2020.csv", lignes ajoutées/traitées: 84/84
2020-04-26 21:34:06.5373434;[DEBUG];[1  ];Covid19.Library.CovidDataJohnsHopkinsExtractor;Traitement du fichier "02-22-2020.csv", lignes ajoutées/traitées: 84/84
2020-04-26 21:34:06.5373434;[DEBUG];[1  ];Covid19.Library.CovidDataJohnsHopkinsExtractor;Traitement du fichier "02-23-2020.csv", lignes ajoutées/traitées: 85/85
2020-04-26 21:34:06.5529676;[DEBUG];[1  ];Covid19.Library.CovidDataJohnsHopkinsExtractor;Traitement du fichier "02-24-2020.csv", lignes ajoutées/traitées: 90/90
2020-04-26 21:34:06.5685933;[DEBUG];[1  ];Covid19.Library.CovidDataJohnsHopkinsExtractor;Traitement du fichier "02-25-2020.csv", lignes ajoutées/traitées: 94/94
2020-04-26 21:34:06.5842185;[DEBUG];[1  ];Covid19.Library.CovidDataJohnsHopkinsExtractor;Traitement du fichier "02-26-2020.csv", lignes ajoutées/traitées: 101/101
2020-04-26 21:34:06.5842185;[DEBUG];[1  ];Covid19.Library.CovidDataJohnsHopkinsExtractor;Traitement du fichier "02-27-2020.csv", lignes ajoutées/traitées: 105/105
2020-04-26 21:34:06.5998428;[DEBUG];[1  ];Covid19.Library.CovidDataJohnsHopkinsExtractor;Traitement du fichier "02-28-2020.csv", lignes ajoutées/traitées: 114/114
2020-04-26 21:34:06.5998428;[DEBUG];[1  ];Covid19.Library.CovidDataJohnsHopkinsExtractor;Traitement du fichier "02-29-2020.csv", lignes ajoutées/traitées: 119/119
2020-04-26 21:34:06.6154679;[DEBUG];[1  ];Covid19.Library.CovidDataJohnsHopkinsExtractor;Traitement du fichier "03-01-2020.csv", lignes ajoutées/traitées: 125/125
2020-04-26 21:34:06.6154679;[DEBUG];[1  ];Covid19.Library.CovidDataJohnsHopkinsExtractor;Traitement du fichier "03-02-2020.csv", lignes ajoutées/traitées: 141/141
2020-04-26 21:34:06.6310932;[DEBUG];[1  ];Covid19.Library.CovidDataJohnsHopkinsExtractor;Traitement du fichier "03-03-2020.csv", lignes ajoutées/traitées: 151/151
2020-04-26 21:34:06.6310932;[DEBUG];[1  ];Covid19.Library.CovidDataJohnsHopkinsExtractor;Traitement du fichier "03-04-2020.csv", lignes ajoutées/traitées: 160/160
2020-04-26 21:34:06.6467192;[DEBUG];[1  ];Covid19.Library.CovidDataJohnsHopkinsExtractor;Traitement du fichier "03-05-2020.csv", lignes ajoutées/traitées: 173/173
2020-04-26 21:34:06.6623439;[DEBUG];[1  ];Covid19.Library.CovidDataJohnsHopkinsExtractor;Traitement du fichier "03-06-2020.csv", lignes ajoutées/traitées: 199/199
2020-04-26 21:34:06.6779682;[DEBUG];[1  ];Covid19.Library.CovidDataJohnsHopkinsExtractor;Traitement du fichier "03-07-2020.csv", lignes ajoutées/traitées: 225/225
2020-04-26 21:34:06.6779682;[DEBUG];[1  ];Covid19.Library.CovidDataJohnsHopkinsExtractor;Traitement du fichier "03-08-2020.csv", lignes ajoutées/traitées: 255/255
2020-04-26 21:34:06.7092166;[DEBUG];[1  ];Covid19.Library.CovidDataJohnsHopkinsExtractor;Traitement du fichier "03-09-2020.csv", lignes ajoutées/traitées: 266/266
2020-04-26 21:34:06.7092166;[DEBUG];[1  ];Covid19.Library.CovidDataJohnsHopkinsExtractor;Traitement du fichier "03-10-2020.csv", lignes ajoutées/traitées: 206/206
2020-04-26 21:34:06.7248432;[DEBUG];[1  ];Covid19.Library.CovidDataJohnsHopkinsExtractor;Traitement du fichier "03-11-2020.csv", lignes ajoutées/traitées: 216/216
2020-04-26 21:34:06.7248432;[DEBUG];[1  ];Covid19.Library.CovidDataJohnsHopkinsExtractor;Traitement du fichier "03-12-2020.csv", lignes ajoutées/traitées: 218/218
2020-04-26 21:34:06.7404708;[DEBUG];[1  ];Covid19.Library.CovidDataJohnsHopkinsExtractor;Traitement du fichier "03-13-2020.csv", lignes ajoutées/traitées: 230/230
2020-04-26 21:34:06.7404708;[DEBUG];[1  ];Covid19.Library.CovidDataJohnsHopkinsExtractor;Traitement du fichier "03-14-2020.csv", lignes ajoutées/traitées: 249/249
2020-04-26 21:34:06.7560939;[DEBUG];[1  ];Covid19.Library.CovidDataJohnsHopkinsExtractor;Traitement du fichier "03-15-2020.csv", lignes ajoutées/traitées: 258/258
2020-04-26 21:34:06.7717189;[DEBUG];[1  ];Covid19.Library.CovidDataJohnsHopkinsExtractor;Traitement du fichier "03-16-2020.csv", lignes ajoutées/traitées: 272/272
2020-04-26 21:34:06.7873445;[DEBUG];[1  ];Covid19.Library.CovidDataJohnsHopkinsExtractor;Traitement du fichier "03-17-2020.csv", lignes ajoutées/traitées: 276/276
2020-04-26 21:34:06.8029703;[DEBUG];[1  ];Covid19.Library.CovidDataJohnsHopkinsExtractor;Traitement du fichier "03-18-2020.csv", lignes ajoutées/traitées: 284/284
2020-04-26 21:34:06.8185957;[DEBUG];[1  ];Covid19.Library.CovidDataJohnsHopkinsExtractor;Traitement du fichier "03-19-2020.csv", lignes ajoutées/traitées: 292/292
2020-04-26 21:34:06.8342169;[DEBUG];[1  ];Covid19.Library.CovidDataJohnsHopkinsExtractor;Traitement du fichier "03-20-2020.csv", lignes ajoutées/traitées: 299/299
2020-04-26 21:34:06.8498418;[DEBUG];[1  ];Covid19.Library.CovidDataJohnsHopkinsExtractor;Traitement du fichier "03-21-2020.csv", lignes ajoutées/traitées: 304/304
2020-04-26 21:34:06.9123485;[DEBUG];[1  ];Covid19.Library.CovidDataJohnsHopkinsExtractor;Traitement du fichier "03-22-2020.csv", lignes ajoutées/traitées: 3416/3417
2020-04-26 21:34:07.0060940;[DEBUG];[1  ];Covid19.Library.CovidDataJohnsHopkinsExtractor;Traitement du fichier "03-23-2020.csv", lignes ajoutées/traitées: 3413/3413
2020-04-26 21:34:07.0685921;[DEBUG];[1  ];Covid19.Library.CovidDataJohnsHopkinsExtractor;Traitement du fichier "03-24-2020.csv", lignes ajoutées/traitées: 3416/3416
2020-04-26 21:34:07.1467352;[DEBUG];[1  ];Covid19.Library.CovidDataJohnsHopkinsExtractor;Traitement du fichier "03-25-2020.csv", lignes ajoutées/traitées: 3420/3420
2020-04-26 21:34:07.2248474;[DEBUG];[1  ];Covid19.Library.CovidDataJohnsHopkinsExtractor;Traitement du fichier "03-26-2020.csv", lignes ajoutées/traitées: 3421/3421
2020-04-26 21:34:07.3185975;[DEBUG];[1  ];Covid19.Library.CovidDataJohnsHopkinsExtractor;Traitement du fichier "03-27-2020.csv", lignes ajoutées/traitées: 3429/3429
2020-04-26 21:34:07.4123478;[DEBUG];[1  ];Covid19.Library.CovidDataJohnsHopkinsExtractor;Traitement du fichier "03-28-2020.csv", lignes ajoutées/traitées: 3430/3430
2020-04-26 21:34:07.5217226;[DEBUG];[1  ];Covid19.Library.CovidDataJohnsHopkinsExtractor;Traitement du fichier "03-29-2020.csv", lignes ajoutées/traitées: 3434/3434
2020-04-26 21:34:07.5842195;[DEBUG];[1  ];Covid19.Library.CovidDataJohnsHopkinsExtractor;Traitement du fichier "03-30-2020.csv", lignes ajoutées/traitées: 3439/3439
2020-04-26 21:34:07.6310961;[DEBUG];[1  ];Covid19.Library.CovidDataJohnsHopkinsExtractor;Traitement du fichier "03-31-2020.csv", lignes ajoutées/traitées: 2434/2434
2020-04-26 21:34:07.7092245;[DEBUG];[1  ];Covid19.Library.CovidDataJohnsHopkinsExtractor;Traitement du fichier "04-01-2020.csv", lignes ajoutées/traitées: 2483/2483
2020-04-26 21:34:07.7873470;[DEBUG];[1  ];Covid19.Library.CovidDataJohnsHopkinsExtractor;Traitement du fichier "04-02-2020.csv", lignes ajoutées/traitées: 2569/2569
2020-04-26 21:34:07.8810996;[DEBUG];[1  ];Covid19.Library.CovidDataJohnsHopkinsExtractor;Traitement du fichier "04-03-2020.csv", lignes ajoutées/traitées: 2624/2624
2020-04-26 21:34:07.9279833;[DEBUG];[1  ];Covid19.Library.CovidDataJohnsHopkinsExtractor;Traitement du fichier "04-04-2020.csv", lignes ajoutées/traitées: 2678/2678
2020-04-26 21:34:07.9904719;[DEBUG];[1  ];Covid19.Library.CovidDataJohnsHopkinsExtractor;Traitement du fichier "04-05-2020.csv", lignes ajoutées/traitées: 2763/2763
2020-04-26 21:34:08.0685963;[DEBUG];[1  ];Covid19.Library.CovidDataJohnsHopkinsExtractor;Traitement du fichier "04-06-2020.csv", lignes ajoutées/traitées: 2808/2808
2020-04-26 21:34:08.1467229;[DEBUG];[1  ];Covid19.Library.CovidDataJohnsHopkinsExtractor;Traitement du fichier "04-07-2020.csv", lignes ajoutées/traitées: 2856/2856
2020-04-26 21:34:08.2404707;[DEBUG];[1  ];Covid19.Library.CovidDataJohnsHopkinsExtractor;Traitement du fichier "04-08-2020.csv", lignes ajoutées/traitées: 2882/2882
2020-04-26 21:34:08.2873539;[DEBUG];[1  ];Covid19.Library.CovidDataJohnsHopkinsExtractor;Traitement du fichier "04-09-2020.csv", lignes ajoutées/traitées: 2910/2910
2020-04-26 21:34:08.3654722;[DEBUG];[1  ];Covid19.Library.CovidDataJohnsHopkinsExtractor;Traitement du fichier "04-10-2020.csv", lignes ajoutées/traitées: 2941/2941
2020-04-26 21:34:08.4279763;[DEBUG];[1  ];Covid19.Library.CovidDataJohnsHopkinsExtractor;Traitement du fichier "04-11-2020.csv", lignes ajoutées/traitées: 2965/2965
2020-04-26 21:34:08.4748524;[DEBUG];[1  ];Covid19.Library.CovidDataJohnsHopkinsExtractor;Traitement du fichier "04-12-2020.csv", lignes ajoutées/traitées: 2988/2988
2020-04-26 21:34:08.5842203;[DEBUG];[1  ];Covid19.Library.CovidDataJohnsHopkinsExtractor;Traitement du fichier "04-13-2020.csv", lignes ajoutées/traitées: 3001/3001
2020-04-26 21:34:08.6310963;[DEBUG];[1  ];Covid19.Library.CovidDataJohnsHopkinsExtractor;Traitement du fichier "04-14-2020.csv", lignes ajoutées/traitées: 3013/3013
2020-04-26 21:34:08.7248474;[DEBUG];[1  ];Covid19.Library.CovidDataJohnsHopkinsExtractor;Traitement du fichier "04-15-2020.csv", lignes ajoutées/traitées: 3026/3026
2020-04-26 21:34:08.7717173;[DEBUG];[1  ];Covid19.Library.CovidDataJohnsHopkinsExtractor;Traitement du fichier "04-16-2020.csv", lignes ajoutées/traitées: 3041/3041
2020-04-26 21:34:08.8811014;[DEBUG];[1  ];Covid19.Library.CovidDataJohnsHopkinsExtractor;Traitement du fichier "04-17-2020.csv", lignes ajoutées/traitées: 3045/3045
2020-04-26 21:34:08.9748499;[DEBUG];[1  ];Covid19.Library.CovidDataJohnsHopkinsExtractor;Traitement du fichier "04-18-2020.csv", lignes ajoutées/traitées: 3053/3053
2020-04-26 21:34:09.0217167;[DEBUG];[1  ];Covid19.Library.CovidDataJohnsHopkinsExtractor;Traitement du fichier "04-19-2020.csv", lignes ajoutées/traitées: 3072/3072
2020-04-26 21:34:09.0842207;[DEBUG];[1  ];Covid19.Library.CovidDataJohnsHopkinsExtractor;Traitement du fichier "04-20-2020.csv", lignes ajoutées/traitées: 3081/3081
2020-04-26 21:34:09.1623529;[DEBUG];[1  ];Covid19.Library.CovidDataJohnsHopkinsExtractor;Traitement du fichier "04-21-2020.csv", lignes ajoutées/traitées: 3091/3091
2020-04-26 21:34:09.2248467;[DEBUG];[1  ];Covid19.Library.CovidDataJohnsHopkinsExtractor;Traitement du fichier "04-22-2020.csv", lignes ajoutées/traitées: 3099/3099
2020-04-26 21:34:09.3185995;[DEBUG];[1  ];Covid19.Library.CovidDataJohnsHopkinsExtractor;Traitement du fichier "04-23-2020.csv", lignes ajoutées/traitées: 3120/3120
2020-04-26 21:34:09.3654720;[DEBUG];[1  ];Covid19.Library.CovidDataJohnsHopkinsExtractor;Traitement du fichier "04-24-2020.csv", lignes ajoutées/traitées: 3128/3128
2020-04-26 21:34:09.4279715;[DEBUG];[1  ];Covid19.Library.CovidDataJohnsHopkinsExtractor;Traitement du fichier "04-25-2020.csv", lignes ajoutées/traitées: 3134/3134
2020-04-26 21:34:09.4279715;[WARN ];[1  ];Covid19.Library.CovidDataJohnsHopkinsExtractor;Il y a 60 fichiers dans lesquels une ou plusieurs colonnes n'ont pas été trouvées: "Admin2, Latitude, Lat, Longitude, Long_"
2020-04-26 21:34:09.4279715;[DEBUG];[1  ];Covid19.Library.CovidDataJohnsHopkinsExtractor;Les champs suivants n'ont pas été trouvés:
01-22-2020.csv: "Admin2", "Latitude, Lat", "Longitude, Long_"
01-23-2020.csv: "Admin2", "Latitude, Lat", "Longitude, Long_"
01-24-2020.csv: "Admin2", "Latitude, Lat", "Longitude, Long_"
01-25-2020.csv: "Admin2", "Latitude, Lat", "Longitude, Long_"
01-26-2020.csv: "Admin2", "Latitude, Lat", "Longitude, Long_"
01-27-2020.csv: "Admin2", "Latitude, Lat", "Longitude, Long_"
01-28-2020.csv: "Admin2", "Latitude, Lat", "Longitude, Long_"
01-29-2020.csv: "Admin2", "Latitude, Lat", "Longitude, Long_"
01-30-2020.csv: "Admin2", "Latitude, Lat", "Longitude, Long_"
01-31-2020.csv: "Admin2", "Latitude, Lat", "Longitude, Long_"
02-01-2020.csv: "Admin2", "Latitude, Lat", "Longitude, Long_"
02-02-2020.csv: "Admin2", "Latitude, Lat", "Longitude, Long_"
02-03-2020.csv: "Admin2", "Latitude, Lat", "Longitude, Long_"
02-04-2020.csv: "Admin2", "Latitude, Lat", "Longitude, Long_"
02-05-2020.csv: "Admin2", "Latitude, Lat", "Longitude, Long_"
02-06-2020.csv: "Admin2", "Latitude, Lat", "Longitude, Long_"
02-07-2020.csv: "Admin2", "Latitude, Lat", "Longitude, Long_"
02-08-2020.csv: "Admin2", "Latitude, Lat", "Longitude, Long_"
02-09-2020.csv: "Admin2", "Latitude, Lat", "Longitude, Long_"
02-10-2020.csv: "Admin2", "Latitude, Lat", "Longitude, Long_"
02-11-2020.csv: "Admin2", "Latitude, Lat", "Longitude, Long_"
02-12-2020.csv: "Admin2", "Latitude, Lat", "Longitude, Long_"
02-13-2020.csv: "Admin2", "Latitude, Lat", "Longitude, Long_"
02-14-2020.csv: "Admin2", "Latitude, Lat", "Longitude, Long_"
02-15-2020.csv: "Admin2", "Latitude, Lat", "Longitude, Long_"
02-16-2020.csv: "Admin2", "Latitude, Lat", "Longitude, Long_"
02-17-2020.csv: "Admin2", "Latitude, Lat", "Longitude, Long_"
02-18-2020.csv: "Admin2", "Latitude, Lat", "Longitude, Long_"
02-19-2020.csv: "Admin2", "Latitude, Lat", "Longitude, Long_"
02-20-2020.csv: "Admin2", "Latitude, Lat", "Longitude, Long_"
02-21-2020.csv: "Admin2", "Latitude, Lat", "Longitude, Long_"
02-22-2020.csv: "Admin2", "Latitude, Lat", "Longitude, Long_"
02-23-2020.csv: "Admin2", "Latitude, Lat", "Longitude, Long_"
02-24-2020.csv: "Admin2", "Latitude, Lat", "Longitude, Long_"
02-25-2020.csv: "Admin2", "Latitude, Lat", "Longitude, Long_"
02-26-2020.csv: "Admin2", "Latitude, Lat", "Longitude, Long_"
02-27-2020.csv: "Admin2", "Latitude, Lat", "Longitude, Long_"
02-28-2020.csv: "Admin2", "Latitude, Lat", "Longitude, Long_"
02-29-2020.csv: "Admin2", "Latitude, Lat", "Longitude, Long_"
03-01-2020.csv: "Admin2"
03-02-2020.csv: "Admin2"
03-03-2020.csv: "Admin2"
03-04-2020.csv: "Admin2"
03-05-2020.csv: "Admin2"
03-06-2020.csv: "Admin2"
03-07-2020.csv: "Admin2"
03-08-2020.csv: "Admin2"
03-09-2020.csv: "Admin2"
03-10-2020.csv: "Admin2"
03-11-2020.csv: "Admin2"
03-12-2020.csv: "Admin2"
03-13-2020.csv: "Admin2"
03-14-2020.csv: "Admin2"
03-15-2020.csv: "Admin2"
03-16-2020.csv: "Admin2"
03-17-2020.csv: "Admin2"
03-18-2020.csv: "Admin2"
03-19-2020.csv: "Admin2"
03-20-2020.csv: "Admin2"
03-21-2020.csv: "Admin2"
2020-04-26 21:34:09.4435973;[INFO ];[1  ];Covid19.Library.CovidDataJohnsHopkinsExtractor;Found 114240 records
2020-04-26 21:34:11.5842188;[INFO ];[1  ];Covid19.Library.CovidDataMerge;Found 13211 records in file "E:\Git\ImmobilisCommander\Covid19\Data\Covid_ECDC.csv"
2020-04-26 21:34:13.7560934;[INFO ];[1  ];Covid19.Library.CovidDataMerge;Found 114240 records in file "E:\Git\ImmobilisCommander\Covid19\Data\Covid_JohnsHopkins.csv"
2020-04-26 21:35:46.2333766;[DEBUG];[1  ];Covid19.Library.CovidDataMerge;Données reconsituées, 127451 éléments
2020-04-26 21:35:46.4365023;[DEBUG];[1  ];Covid19.Library.BingLocationProvider;Fichier de coordonnées "E:\Git\ImmobilisCommander\Covid19\Data\Coordinates.json" lu. Nombre de coordonnées: 383
2020-04-26 21:35:47.1083814;[DEBUG];[1  ];Covid19.Library.BingLocationProvider;Bing returned "0, 0" for "Western_Sahara"
2020-04-26 21:35:47.1552480;[DEBUG];[1  ];Covid19.Library.BingLocationProvider;Coordonnées sauvegardées dans le fichier "E:\Git\ImmobilisCommander\Covid19\Data\Coordinates.json"
